99.01.08 16:45 B E:\Inetpub\EARTH\saber\092898\092898aussie.htm <-- earth /usr/ns-home/docs/saber/092898 092898aussie.htm
99.01.08 16:45 B E:\Inetpub\EARTH\saber\092898\092898aust1.jpg <-- earth /usr/ns-home/docs/saber/092898 092898aust1.jpg
99.01.08 16:45 B E:\Inetpub\EARTH\saber\092898\092898aust2.jpg <-- earth /usr/ns-home/docs/saber/092898 092898aust2.jpg
99.01.08 16:45 B E:\Inetpub\EARTH\saber\092898\092898bits.htm <-- earth /usr/ns-home/docs/saber/092898 092898bits.htm
99.01.08 16:45 B E:\Inetpub\EARTH\saber\092898\092898candid.htm <-- earth /usr/ns-home/docs/saber/092898 092898candid.htm
99.01.08 16:45 B E:\Inetpub\EARTH\saber\092898\092898career.htm <-- earth /usr/ns-home/docs/saber/092898 092898career.htm
99.01.08 16:45 B E:\Inetpub\EARTH\saber\092898\092898celebration.jpg <-- earth /usr/ns-home/docs/saber/092898 092898celebration.jpg
99.01.08 16:45 B E:\Inetpub\EARTH\saber\092898\092898cross.htm <-- earth /usr/ns-home/docs/saber/092898 092898cross.htm
99.01.08 16:45 B E:\Inetpub\EARTH\saber\092898\092898deniro.htm <-- earth /usr/ns-home/docs/saber/092898 092898deniro.htm
99.01.08 16:45 B E:\Inetpub\EARTH\saber\092898\092898duds.htm <-- earth /usr/ns-home/docs/saber/092898 092898duds.htm
99.01.08 16:45 B E:\Inetpub\EARTH\saber\092898\092898foot.htm <-- earth /usr/ns-home/docs/saber/092898 092898foot.htm
99.01.08 16:45 B E:\Inetpub\EARTH\saber\092898\092898freeexp.htm <-- earth /usr/ns-home/docs/saber/092898 092898freeexp.htm
99.01.08 16:45 B E:\Inetpub\EARTH\saber\092898\092898golf.htm <-- earth /usr/ns-home/docs/saber/092898 092898golf.htm
99.01.08 16:45 B E:\Inetpub\EARTH\saber\092898\092898hire.htm <-- earth /usr/ns-home/docs/saber/092898 092898hire.htm
99.01.08 16:45 B E:\Inetpub\EARTH\saber\092898\092898ket2ed.htm <-- earth /usr/ns-home/docs/saber/092898 092898ket2ed.htm
99.01.08 16:45 B E:\Inetpub\EARTH\saber\092898\092898letfromed.htm <-- earth /usr/ns-home/docs/saber/092898 092898letfromed.htm
99.01.08 16:45 B E:\Inetpub\EARTH\saber\092898\092898neises.jpg <-- earth /usr/ns-home/docs/saber/092898 092898neises.jpg
99.01.08 16:45 B E:\Inetpub\EARTH\saber\092898\092898roar.htm <-- earth /usr/ns-home/docs/saber/092898 092898roar.htm
99.01.08 16:45 B E:\Inetpub\EARTH\saber\092898\DENIRO1.GIF <-- earth /usr/ns-home/docs/saber/092898 DENIRO1.GIF
99.01.08 16:45 B E:\Inetpub\EARTH\saber\092898\Roar_Cutout_-_125.gif <-- earth /usr/ns-home/docs/saber/092898 Roar_Cutout_-_125.gif
99.01.29 14:55 B E:\Inetpub\wwwroot\saber\092898\092898aussie.htm <-- earth /usr/ns-home/docs/saber/092898 092898aussie.htm
99.01.29 14:55 B E:\Inetpub\wwwroot\saber\092898\092898aust1.jpg <-- earth /usr/ns-home/docs/saber/092898 092898aust1.jpg
99.01.29 14:55 B E:\Inetpub\wwwroot\saber\092898\092898aust2.jpg <-- earth /usr/ns-home/docs/saber/092898 092898aust2.jpg
99.01.29 14:55 B E:\Inetpub\wwwroot\saber\092898\092898bits.htm <-- earth /usr/ns-home/docs/saber/092898 092898bits.htm
99.01.29 14:55 B E:\Inetpub\wwwroot\saber\092898\092898candid.htm <-- earth /usr/ns-home/docs/saber/092898 092898candid.htm
99.01.29 14:55 B E:\Inetpub\wwwroot\saber\092898\092898career.htm <-- earth /usr/ns-home/docs/saber/092898 092898career.htm
99.01.29 14:55 B E:\Inetpub\wwwroot\saber\092898\092898celebration.jpg <-- earth /usr/ns-home/docs/saber/092898 092898celebration.jpg
99.01.29 14:55 B E:\Inetpub\wwwroot\saber\092898\092898cross.htm <-- earth /usr/ns-home/docs/saber/092898 092898cross.htm
99.01.29 14:55 B E:\Inetpub\wwwroot\saber\092898\092898deniro.htm <-- earth /usr/ns-home/docs/saber/092898 092898deniro.htm
99.01.29 14:55 B E:\Inetpub\wwwroot\saber\092898\092898duds.htm <-- earth /usr/ns-home/docs/saber/092898 092898duds.htm
99.01.29 14:55 B E:\Inetpub\wwwroot\saber\092898\092898foot.htm <-- earth /usr/ns-home/docs/saber/092898 092898foot.htm
99.01.29 14:55 B E:\Inetpub\wwwroot\saber\092898\092898freeexp.htm <-- earth /usr/ns-home/docs/saber/092898 092898freeexp.htm
99.01.29 14:55 B E:\Inetpub\wwwroot\saber\092898\092898golf.htm <-- earth /usr/ns-home/docs/saber/092898 092898golf.htm
99.01.29 14:55 B E:\Inetpub\wwwroot\saber\092898\092898hire.htm <-- earth /usr/ns-home/docs/saber/092898 092898hire.htm
99.01.29 14:55 B E:\Inetpub\wwwroot\saber\092898\092898ket2ed.htm <-- earth /usr/ns-home/docs/saber/092898 092898ket2ed.htm
99.01.29 14:55 B E:\Inetpub\wwwroot\saber\092898\092898letfromed.htm <-- earth /usr/ns-home/docs/saber/092898 092898letfromed.htm
99.01.29 14:55 B E:\Inetpub\wwwroot\saber\092898\092898neises.jpg <-- earth /usr/ns-home/docs/saber/092898 092898neises.jpg
99.01.29 14:55 B E:\Inetpub\wwwroot\saber\092898\092898roar.htm <-- earth /usr/ns-home/docs/saber/092898 092898roar.htm
99.01.29 14:55 B E:\Inetpub\wwwroot\saber\092898\DENIRO1.GIF <-- earth /usr/ns-home/docs/saber/092898 DENIRO1.GIF
99.01.29 14:55 B E:\Inetpub\wwwroot\saber\092898\Roar_Cutout_-_125.gif <-- earth /usr/ns-home/docs/saber/092898 Roar_Cutout_-_125.gif
