99.01.08 16:45 B E:\Inetpub\EARTH\saber\images\Courtyard <-- earth /usr/ns-home/docs/saber/images Courtyard
99.01.08 16:45 B E:\Inetpub\EARTH\saber\images\Current_Issue.gif <-- earth /usr/ns-home/docs/saber/images Current_Issue.gif
99.01.08 16:45 B E:\Inetpub\EARTH\saber\images\healthweekly.gif <-- earth /usr/ns-home/docs/saber/images healthweekly.gif
99.01.08 16:45 B E:\Inetpub\EARTH\saber\images\healthweekly.jpg <-- earth /usr/ns-home/docs/saber/images healthweekly.jpg
99.01.08 16:45 B E:\Inetpub\EARTH\saber\images\home.gif <-- earth /usr/ns-home/docs/saber/images home.gif
99.01.08 16:45 B E:\Inetpub\EARTH\saber\images\homejump.jpg <-- earth /usr/ns-home/docs/saber/images homejump.jpg
99.01.08 16:45 B E:\Inetpub\EARTH\saber\images\horizheader.gif <-- earth /usr/ns-home/docs/saber/images horizheader.gif
99.01.08 16:45 B E:\Inetpub\EARTH\saber\images\Issues_Past.gif <-- earth /usr/ns-home/docs/saber/images Issues_Past.gif
99.01.08 16:45 B E:\Inetpub\EARTH\saber\images\Lady Cougars <-- earth /usr/ns-home/docs/saber/images Lady Cougars
99.01.08 16:45 B E:\Inetpub\EARTH\saber\images\logo-final.gif <-- earth /usr/ns-home/docs/saber/images logo-final.gif
99.01.08 16:45 B E:\Inetpub\EARTH\saber\images\Logo_3_-_300.gif <-- earth /usr/ns-home/docs/saber/images Logo_3_-_300.gif
99.01.08 16:45 B E:\Inetpub\EARTH\saber\images\Logo_3_-_550.gif <-- earth /usr/ns-home/docs/saber/images Logo_3_-_550.gif
99.01.08 16:45 B E:\Inetpub\EARTH\saber\images\logoup <-- earth /usr/ns-home/docs/saber/images logoup
99.01.08 16:45 B E:\Inetpub\EARTH\saber\images\mailbox1.gif <-- earth /usr/ns-home/docs/saber/images mailbox1.gif
99.01.08 16:45 B E:\Inetpub\EARTH\saber\images\mailbox1.gif.1 <-- earth /usr/ns-home/docs/saber/images mailbox1.gif.1
99.01.08 16:45 B E:\Inetpub\EARTH\saber\images\nonanimatedlogo.gif <-- earth /usr/ns-home/docs/saber/images nonanimatedlogo.gif
99.01.08 16:45 B E:\Inetpub\EARTH\saber\images\Roar Cutout - 125.gif <-- earth /usr/ns-home/docs/saber/images Roar Cutout - 125.gif
99.01.08 16:45 B E:\Inetpub\EARTH\saber\images\Roar Cutout.gif <-- earth /usr/ns-home/docs/saber/images Roar Cutout.gif
99.01.08 16:45 B E:\Inetpub\EARTH\saber\images\Roar_Column.jpg <-- earth /usr/ns-home/docs/saber/images Roar_Column.jpg
99.01.08 16:45 B E:\Inetpub\EARTH\saber\images\Roar_Cutout.gif <-- earth /usr/ns-home/docs/saber/images Roar_Cutout.gif
99.01.08 16:45 B E:\Inetpub\EARTH\saber\images\Roar_Cutout_-_125.gif <-- earth /usr/ns-home/docs/saber/images Roar_Cutout_-_125.gif
99.01.08 16:45 B E:\Inetpub\EARTH\saber\images\Roarthumb <-- earth /usr/ns-home/docs/saber/images Roarthumb
99.01.08 16:45 B E:\Inetpub\EARTH\saber\images\sidebarback.jpg <-- earth /usr/ns-home/docs/saber/images sidebarback.jpg
99.01.08 16:45 B E:\Inetpub\EARTH\saber\images\smalllogo.gif <-- earth /usr/ns-home/docs/saber/images smalllogo.gif
99.01.29 14:55 B E:\Inetpub\wwwroot\saber\images\Courtyard <-- earth /usr/ns-home/docs/saber/images Courtyard
99.01.29 14:55 B E:\Inetpub\wwwroot\saber\images\Current_Issue.gif <-- earth /usr/ns-home/docs/saber/images Current_Issue.gif
99.01.29 14:55 B E:\Inetpub\wwwroot\saber\images\healthweekly.gif <-- earth /usr/ns-home/docs/saber/images healthweekly.gif
99.01.29 14:55 B E:\Inetpub\wwwroot\saber\images\healthweekly.jpg <-- earth /usr/ns-home/docs/saber/images healthweekly.jpg
99.01.29 14:55 B E:\Inetpub\wwwroot\saber\images\home.gif <-- earth /usr/ns-home/docs/saber/images home.gif
99.01.29 14:55 B E:\Inetpub\wwwroot\saber\images\homejump.jpg <-- earth /usr/ns-home/docs/saber/images homejump.jpg
99.01.29 14:55 B E:\Inetpub\wwwroot\saber\images\horizheader.gif <-- earth /usr/ns-home/docs/saber/images horizheader.gif
99.01.29 14:55 B E:\Inetpub\wwwroot\saber\images\Issues_Past.gif <-- earth /usr/ns-home/docs/saber/images Issues_Past.gif
99.01.29 14:55 B E:\Inetpub\wwwroot\saber\images\Lady Cougars <-- earth /usr/ns-home/docs/saber/images Lady Cougars
99.01.29 14:55 B E:\Inetpub\wwwroot\saber\images\logo-final.gif <-- earth /usr/ns-home/docs/saber/images logo-final.gif
99.01.29 14:55 B E:\Inetpub\wwwroot\saber\images\Logo_3_-_300.gif <-- earth /usr/ns-home/docs/saber/images Logo_3_-_300.gif
99.01.29 14:55 B E:\Inetpub\wwwroot\saber\images\Logo_3_-_550.gif <-- earth /usr/ns-home/docs/saber/images Logo_3_-_550.gif
99.01.29 14:55 B E:\Inetpub\wwwroot\saber\images\logoup <-- earth /usr/ns-home/docs/saber/images logoup
99.01.29 14:55 B E:\Inetpub\wwwroot\saber\images\mailbox1.gif <-- earth /usr/ns-home/docs/saber/images mailbox1.gif
99.01.29 14:55 B E:\Inetpub\wwwroot\saber\images\mailbox1.gif.1 <-- earth /usr/ns-home/docs/saber/images mailbox1.gif.1
99.01.29 14:55 B E:\Inetpub\wwwroot\saber\images\nonanimatedlogo.gif <-- earth /usr/ns-home/docs/saber/images nonanimatedlogo.gif
99.01.29 14:55 B E:\Inetpub\wwwroot\saber\images\Roar Cutout - 125.gif <-- earth /usr/ns-home/docs/saber/images Roar Cutout - 125.gif
99.01.29 14:55 B E:\Inetpub\wwwroot\saber\images\Roar Cutout.gif <-- earth /usr/ns-home/docs/saber/images Roar Cutout.gif
99.01.29 14:55 B E:\Inetpub\wwwroot\saber\images\Roar_Column.jpg <-- earth /usr/ns-home/docs/saber/images Roar_Column.jpg
99.01.29 14:55 B E:\Inetpub\wwwroot\saber\images\Roar_Cutout.gif <-- earth /usr/ns-home/docs/saber/images Roar_Cutout.gif
99.01.29 14:55 B E:\Inetpub\wwwroot\saber\images\Roar_Cutout_-_125.gif <-- earth /usr/ns-home/docs/saber/images Roar_Cutout_-_125.gif
99.01.29 14:55 B E:\Inetpub\wwwroot\saber\images\Roarthumb <-- earth /usr/ns-home/docs/saber/images Roarthumb
99.01.29 14:55 B E:\Inetpub\wwwroot\saber\images\sidebarback.jpg <-- earth /usr/ns-home/docs/saber/images sidebarback.jpg
99.01.29 14:55 B E:\Inetpub\wwwroot\saber\images\smalllogo.gif <-- earth /usr/ns-home/docs/saber/images smalllogo.gif
