99.01.08 16:45 B E:\Inetpub\EARTH\saber\100598\100598bits.htm <-- earth /usr/ns-home/docs/saber/100598 100598bits.htm
99.01.08 16:45 B E:\Inetpub\EARTH\saber\100598\100598buick.htm <-- earth /usr/ns-home/docs/saber/100598 100598buick.htm
99.01.08 16:45 B E:\Inetpub\EARTH\saber\100598\100598cand.jpg <-- earth /usr/ns-home/docs/saber/100598 100598cand.jpg
99.01.08 16:45 B E:\Inetpub\EARTH\saber\100598\100598candid.htm <-- earth /usr/ns-home/docs/saber/100598 100598candid.htm
99.01.08 16:45 B E:\Inetpub\EARTH\saber\100598\100598cc.htm <-- earth /usr/ns-home/docs/saber/100598 100598cc.htm
99.01.08 16:45 B E:\Inetpub\EARTH\saber\100598\100598falcons.htm <-- earth /usr/ns-home/docs/saber/100598 100598falcons.htm
99.01.08 16:45 B E:\Inetpub\EARTH\saber\100598\100598glenn.jpg <-- earth /usr/ns-home/docs/saber/100598 100598glenn.jpg
99.01.08 16:45 B E:\Inetpub\EARTH\saber\100598\100598jazz.htm <-- earth /usr/ns-home/docs/saber/100598 100598jazz.htm
99.01.08 16:45 B E:\Inetpub\EARTH\saber\100598\100598johnglenn.htm <-- earth /usr/ns-home/docs/saber/100598 100598johnglenn.htm
99.01.08 16:45 B E:\Inetpub\EARTH\saber\100598\100598letfromed.htm <-- earth /usr/ns-home/docs/saber/100598 100598letfromed.htm
99.01.08 16:45 B E:\Inetpub\EARTH\saber\100598\100598name.htm <-- earth /usr/ns-home/docs/saber/100598 100598name.htm
99.01.08 16:45 B E:\Inetpub\EARTH\saber\100598\100598pin.htm <-- earth /usr/ns-home/docs/saber/100598 100598pin.htm
99.01.08 16:45 B E:\Inetpub\EARTH\saber\100598\100598pinhead.jpg <-- earth /usr/ns-home/docs/saber/100598 100598pinhead.jpg
99.01.08 16:45 B E:\Inetpub\EARTH\saber\100598\100598rec.htm <-- earth /usr/ns-home/docs/saber/100598 100598rec.htm
99.01.08 16:45 B E:\Inetpub\EARTH\saber\100598\100598roar.htm <-- earth /usr/ns-home/docs/saber/100598 100598roar.htm
99.01.08 16:45 B E:\Inetpub\EARTH\saber\100598\100598rotcwork.htm <-- earth /usr/ns-home/docs/saber/100598 100598rotcwork.htm
99.01.08 16:45 B E:\Inetpub\EARTH\saber\100598\100598theatre.htm <-- earth /usr/ns-home/docs/saber/100598 100598theatre.htm
99.01.08 16:45 B E:\Inetpub\EARTH\saber\100598\rem_103097_sml.jpg <-- earth /usr/ns-home/docs/saber/100598 rem_103097_sml.jpg
99.01.08 16:45 B E:\Inetpub\EARTH\saber\100598\up_cover_lrg.jpg <-- earth /usr/ns-home/docs/saber/100598 up_cover_lrg.jpg
99.01.29 14:55 B E:\Inetpub\wwwroot\saber\100598\100598bits.htm <-- earth /usr/ns-home/docs/saber/100598 100598bits.htm
99.01.29 14:55 B E:\Inetpub\wwwroot\saber\100598\100598buick.htm <-- earth /usr/ns-home/docs/saber/100598 100598buick.htm
99.01.29 14:55 B E:\Inetpub\wwwroot\saber\100598\100598cand.jpg <-- earth /usr/ns-home/docs/saber/100598 100598cand.jpg
99.01.29 14:55 B E:\Inetpub\wwwroot\saber\100598\100598candid.htm <-- earth /usr/ns-home/docs/saber/100598 100598candid.htm
99.01.29 14:55 B E:\Inetpub\wwwroot\saber\100598\100598cc.htm <-- earth /usr/ns-home/docs/saber/100598 100598cc.htm
99.01.29 14:55 B E:\Inetpub\wwwroot\saber\100598\100598falcons.htm <-- earth /usr/ns-home/docs/saber/100598 100598falcons.htm
99.01.29 14:55 B E:\Inetpub\wwwroot\saber\100598\100598glenn.jpg <-- earth /usr/ns-home/docs/saber/100598 100598glenn.jpg
99.01.29 14:55 B E:\Inetpub\wwwroot\saber\100598\100598jazz.htm <-- earth /usr/ns-home/docs/saber/100598 100598jazz.htm
99.01.29 14:55 B E:\Inetpub\wwwroot\saber\100598\100598johnglenn.htm <-- earth /usr/ns-home/docs/saber/100598 100598johnglenn.htm
99.01.29 14:55 B E:\Inetpub\wwwroot\saber\100598\100598letfromed.htm <-- earth /usr/ns-home/docs/saber/100598 100598letfromed.htm
99.01.29 14:55 B E:\Inetpub\wwwroot\saber\100598\100598name.htm <-- earth /usr/ns-home/docs/saber/100598 100598name.htm
99.01.29 14:55 B E:\Inetpub\wwwroot\saber\100598\100598pin.htm <-- earth /usr/ns-home/docs/saber/100598 100598pin.htm
99.01.29 14:55 B E:\Inetpub\wwwroot\saber\100598\100598pinhead.jpg <-- earth /usr/ns-home/docs/saber/100598 100598pinhead.jpg
99.01.29 14:55 B E:\Inetpub\wwwroot\saber\100598\100598rec.htm <-- earth /usr/ns-home/docs/saber/100598 100598rec.htm
99.01.29 14:55 B E:\Inetpub\wwwroot\saber\100598\100598roar.htm <-- earth /usr/ns-home/docs/saber/100598 100598roar.htm
99.01.29 14:55 B E:\Inetpub\wwwroot\saber\100598\100598rotcwork.htm <-- earth /usr/ns-home/docs/saber/100598 100598rotcwork.htm
99.01.29 14:55 B E:\Inetpub\wwwroot\saber\100598\100598theatre.htm <-- earth /usr/ns-home/docs/saber/100598 100598theatre.htm
99.01.29 14:55 B E:\Inetpub\wwwroot\saber\100598\rem_103097_sml.jpg <-- earth /usr/ns-home/docs/saber/100598 rem_103097_sml.jpg
99.01.29 14:55 B E:\Inetpub\wwwroot\saber\100598\up_cover_lrg.jpg <-- earth /usr/ns-home/docs/saber/100598 up_cover_lrg.jpg
