99.01.08 16:44 B E:\Inetpub\EARTH\saber\020998\020998bits.htm <-- earth /usr/ns-home/docs/saber/020998 020998bits.htm
99.01.08 16:44 B E:\Inetpub\EARTH\saber\020998\020998brown.jpg <-- earth /usr/ns-home/docs/saber/020998 020998brown.jpg
99.01.08 16:44 B E:\Inetpub\EARTH\saber\020998\020998brownthumb.jpg <-- earth /usr/ns-home/docs/saber/020998 020998brownthumb.jpg
99.01.08 16:44 B E:\Inetpub\EARTH\saber\020998\020998candid.htm <-- earth /usr/ns-home/docs/saber/020998 020998candid.htm
99.01.08 16:44 B E:\Inetpub\EARTH\saber\020998\020998coug.htm <-- earth /usr/ns-home/docs/saber/020998 020998coug.htm
99.01.08 16:44 B E:\Inetpub\EARTH\saber\020998\020998ladycougs.htm <-- earth /usr/ns-home/docs/saber/020998 020998ladycougs.htm
99.01.08 16:44 B E:\Inetpub\EARTH\saber\020998\020998let2ed.htm <-- earth /usr/ns-home/docs/saber/020998 020998let2ed.htm
99.01.08 16:44 B E:\Inetpub\EARTH\saber\020998\020998letfromed.htm <-- earth /usr/ns-home/docs/saber/020998 020998letfromed.htm
99.01.08 16:44 B E:\Inetpub\EARTH\saber\020998\020998oteam.htm <-- earth /usr/ns-home/docs/saber/020998 020998oteam.htm
99.01.08 16:44 B E:\Inetpub\EARTH\saber\020998\020998oteam.jpg <-- earth /usr/ns-home/docs/saber/020998 020998oteam.jpg
99.01.08 16:44 B E:\Inetpub\EARTH\saber\020998\020998oteamthumb.jpg <-- earth /usr/ns-home/docs/saber/020998 020998oteamthumb.jpg
99.01.08 16:44 B E:\Inetpub\EARTH\saber\020998\020998pollresp.htm <-- earth /usr/ns-home/docs/saber/020998 020998pollresp.htm
99.01.08 16:44 B E:\Inetpub\EARTH\saber\020998\020998pool.htm <-- earth /usr/ns-home/docs/saber/020998 020998pool.htm
99.01.08 16:44 B E:\Inetpub\EARTH\saber\020998\020998pool.jpg <-- earth /usr/ns-home/docs/saber/020998 020998pool.jpg
99.01.08 16:44 B E:\Inetpub\EARTH\saber\020998\020998poolthumb.jpg <-- earth /usr/ns-home/docs/saber/020998 020998poolthumb.jpg
99.01.08 16:44 B E:\Inetpub\EARTH\saber\020998\020998roar.htm <-- earth /usr/ns-home/docs/saber/020998 020998roar.htm
99.01.08 16:44 B E:\Inetpub\EARTH\saber\020998\020998toxic.htm <-- earth /usr/ns-home/docs/saber/020998 020998toxic.htm
99.01.08 16:44 B E:\Inetpub\EARTH\saber\020998\020998wellness.htm <-- earth /usr/ns-home/docs/saber/020998 020998wellness.htm
99.01.08 16:44 B E:\Inetpub\EARTH\saber\020998\020998wirt.htm <-- earth /usr/ns-home/docs/saber/020998 020998wirt.htm
99.01.29 14:54 B E:\Inetpub\wwwroot\saber\020998\020998bits.htm <-- earth /usr/ns-home/docs/saber/020998 020998bits.htm
99.01.29 14:54 B E:\Inetpub\wwwroot\saber\020998\020998brown.jpg <-- earth /usr/ns-home/docs/saber/020998 020998brown.jpg
99.01.29 14:54 B E:\Inetpub\wwwroot\saber\020998\020998brownthumb.jpg <-- earth /usr/ns-home/docs/saber/020998 020998brownthumb.jpg
99.01.29 14:54 B E:\Inetpub\wwwroot\saber\020998\020998candid.htm <-- earth /usr/ns-home/docs/saber/020998 020998candid.htm
99.01.29 14:54 B E:\Inetpub\wwwroot\saber\020998\020998coug.htm <-- earth /usr/ns-home/docs/saber/020998 020998coug.htm
99.01.29 14:54 B E:\Inetpub\wwwroot\saber\020998\020998ladycougs.htm <-- earth /usr/ns-home/docs/saber/020998 020998ladycougs.htm
99.01.29 14:54 B E:\Inetpub\wwwroot\saber\020998\020998let2ed.htm <-- earth /usr/ns-home/docs/saber/020998 020998let2ed.htm
99.01.29 14:54 B E:\Inetpub\wwwroot\saber\020998\020998letfromed.htm <-- earth /usr/ns-home/docs/saber/020998 020998letfromed.htm
99.01.29 14:54 B E:\Inetpub\wwwroot\saber\020998\020998oteam.htm <-- earth /usr/ns-home/docs/saber/020998 020998oteam.htm
99.01.29 14:54 B E:\Inetpub\wwwroot\saber\020998\020998oteam.jpg <-- earth /usr/ns-home/docs/saber/020998 020998oteam.jpg
99.01.29 14:54 B E:\Inetpub\wwwroot\saber\020998\020998oteamthumb.jpg <-- earth /usr/ns-home/docs/saber/020998 020998oteamthumb.jpg
99.01.29 14:54 B E:\Inetpub\wwwroot\saber\020998\020998pollresp.htm <-- earth /usr/ns-home/docs/saber/020998 020998pollresp.htm
99.01.29 14:54 B E:\Inetpub\wwwroot\saber\020998\020998pool.htm <-- earth /usr/ns-home/docs/saber/020998 020998pool.htm
99.01.29 14:54 B E:\Inetpub\wwwroot\saber\020998\020998pool.jpg <-- earth /usr/ns-home/docs/saber/020998 020998pool.jpg
99.01.29 14:54 B E:\Inetpub\wwwroot\saber\020998\020998poolthumb.jpg <-- earth /usr/ns-home/docs/saber/020998 020998poolthumb.jpg
99.01.29 14:54 B E:\Inetpub\wwwroot\saber\020998\020998roar.htm <-- earth /usr/ns-home/docs/saber/020998 020998roar.htm
99.01.29 14:54 B E:\Inetpub\wwwroot\saber\020998\020998toxic.htm <-- earth /usr/ns-home/docs/saber/020998 020998toxic.htm
99.01.29 14:54 B E:\Inetpub\wwwroot\saber\020998\020998wellness.htm <-- earth /usr/ns-home/docs/saber/020998 020998wellness.htm
99.01.29 14:54 B E:\Inetpub\wwwroot\saber\020998\020998wirt.htm <-- earth /usr/ns-home/docs/saber/020998 020998wirt.htm
