99.01.08 16:45 B E:\Inetpub\EARTH\saber\110998\110998band.htm <-- earth /usr/ns-home/docs/saber/110998 110998band.htm
99.01.08 16:45 B E:\Inetpub\EARTH\saber\110998\110998baseball.htm <-- earth /usr/ns-home/docs/saber/110998 110998baseball.htm
99.01.08 16:45 B E:\Inetpub\EARTH\saber\110998\110998comp.htm <-- earth /usr/ns-home/docs/saber/110998 110998comp.htm
99.01.08 16:45 B E:\Inetpub\EARTH\saber\110998\110998disc.htm <-- earth /usr/ns-home/docs/saber/110998 110998disc.htm
99.01.08 16:45 B E:\Inetpub\EARTH\saber\110998\110998falcon.htm <-- earth /usr/ns-home/docs/saber/110998 110998falcon.htm
99.01.08 16:45 B E:\Inetpub\EARTH\saber\110998\110998fiesta.htm <-- earth /usr/ns-home/docs/saber/110998 110998fiesta.htm
99.01.08 16:45 B E:\Inetpub\EARTH\saber\110998\110998fulbright.jpg <-- earth /usr/ns-home/docs/saber/110998 110998fulbright.jpg
99.01.08 16:45 B E:\Inetpub\EARTH\saber\110998\110998glenn.jpg <-- earth /usr/ns-home/docs/saber/110998 110998glenn.jpg
99.01.08 16:45 B E:\Inetpub\EARTH\saber\110998\110998grweek.htm <-- earth /usr/ns-home/docs/saber/110998 110998grweek.htm
99.01.08 16:45 B E:\Inetpub\EARTH\saber\110998\110998hope.htm <-- earth /usr/ns-home/docs/saber/110998 110998hope.htm
99.01.08 16:45 B E:\Inetpub\EARTH\saber\110998\110998letfromed.htm <-- earth /usr/ns-home/docs/saber/110998 110998letfromed.htm
99.01.08 16:45 B E:\Inetpub\EARTH\saber\110998\110998mov.htm <-- earth /usr/ns-home/docs/saber/110998 110998mov.htm
99.01.08 16:45 B E:\Inetpub\EARTH\saber\110998\110998nurs.htm <-- earth /usr/ns-home/docs/saber/110998 110998nurs.htm
99.01.08 16:45 B E:\Inetpub\EARTH\saber\110998\110998org.htm <-- earth /usr/ns-home/docs/saber/110998 110998org.htm
99.01.08 16:45 B E:\Inetpub\EARTH\saber\110998\110998pollelect.htm <-- earth /usr/ns-home/docs/saber/110998 110998pollelect.htm
99.01.08 16:45 B E:\Inetpub\EARTH\saber\110998\110998roar.htm <-- earth /usr/ns-home/docs/saber/110998 110998roar.htm
99.01.08 16:45 B E:\Inetpub\EARTH\saber\110998\110998sec.htm <-- earth /usr/ns-home/docs/saber/110998 110998sec.htm
99.01.29 14:55 B E:\Inetpub\wwwroot\saber\110998\110998band.htm <-- earth /usr/ns-home/docs/saber/110998 110998band.htm
99.01.29 14:55 B E:\Inetpub\wwwroot\saber\110998\110998baseball.htm <-- earth /usr/ns-home/docs/saber/110998 110998baseball.htm
99.01.29 14:55 B E:\Inetpub\wwwroot\saber\110998\110998comp.htm <-- earth /usr/ns-home/docs/saber/110998 110998comp.htm
99.01.29 14:55 B E:\Inetpub\wwwroot\saber\110998\110998disc.htm <-- earth /usr/ns-home/docs/saber/110998 110998disc.htm
99.01.29 14:55 B E:\Inetpub\wwwroot\saber\110998\110998falcon.htm <-- earth /usr/ns-home/docs/saber/110998 110998falcon.htm
99.01.29 14:55 B E:\Inetpub\wwwroot\saber\110998\110998fiesta.htm <-- earth /usr/ns-home/docs/saber/110998 110998fiesta.htm
99.01.29 14:55 B E:\Inetpub\wwwroot\saber\110998\110998fulbright.jpg <-- earth /usr/ns-home/docs/saber/110998 110998fulbright.jpg
99.01.29 14:55 B E:\Inetpub\wwwroot\saber\110998\110998glenn.jpg <-- earth /usr/ns-home/docs/saber/110998 110998glenn.jpg
99.01.29 14:55 B E:\Inetpub\wwwroot\saber\110998\110998grweek.htm <-- earth /usr/ns-home/docs/saber/110998 110998grweek.htm
99.01.29 14:55 B E:\Inetpub\wwwroot\saber\110998\110998hope.htm <-- earth /usr/ns-home/docs/saber/110998 110998hope.htm
99.01.29 14:55 B E:\Inetpub\wwwroot\saber\110998\110998letfromed.htm <-- earth /usr/ns-home/docs/saber/110998 110998letfromed.htm
99.01.29 14:55 B E:\Inetpub\wwwroot\saber\110998\110998mov.htm <-- earth /usr/ns-home/docs/saber/110998 110998mov.htm
99.01.29 14:55 B E:\Inetpub\wwwroot\saber\110998\110998nurs.htm <-- earth /usr/ns-home/docs/saber/110998 110998nurs.htm
99.01.29 14:55 B E:\Inetpub\wwwroot\saber\110998\110998org.htm <-- earth /usr/ns-home/docs/saber/110998 110998org.htm
99.01.29 14:55 B E:\Inetpub\wwwroot\saber\110998\110998pollelect.htm <-- earth /usr/ns-home/docs/saber/110998 110998pollelect.htm
99.01.29 14:55 B E:\Inetpub\wwwroot\saber\110998\110998roar.htm <-- earth /usr/ns-home/docs/saber/110998 110998roar.htm
99.01.29 14:55 B E:\Inetpub\wwwroot\saber\110998\110998sec.htm <-- earth /usr/ns-home/docs/saber/110998 110998sec.htm
