99.01.08 16:44 B E:\Inetpub\EARTH\saber\040698\040698bits.htm <-- earth /usr/ns-home/docs/saber/040698 040698bits.htm
99.01.08 16:44 B E:\Inetpub\EARTH\saber\040698\040698candid.htm <-- earth /usr/ns-home/docs/saber/040698 040698candid.htm
99.01.08 16:44 B E:\Inetpub\EARTH\saber\040698\040698dc.jpg <-- earth /usr/ns-home/docs/saber/040698 040698dc.jpg
99.01.08 16:44 B E:\Inetpub\EARTH\saber\040698\040698fame.htm <-- earth /usr/ns-home/docs/saber/040698 040698fame.htm
99.01.08 16:44 B E:\Inetpub\EARTH\saber\040698\040698fieldday.htm <-- earth /usr/ns-home/docs/saber/040698 040698fieldday.htm
99.01.08 16:44 B E:\Inetpub\EARTH\saber\040698\040698fieldday.jpg <-- earth /usr/ns-home/docs/saber/040698 040698fieldday.jpg
99.01.08 16:44 B E:\Inetpub\EARTH\saber\040698\040698fielddaythumb.jpg <-- earth /usr/ns-home/docs/saber/040698 040698fielddaythumb.jpg
99.01.08 16:44 B E:\Inetpub\EARTH\saber\040698\040698groups.htm <-- earth /usr/ns-home/docs/saber/040698 040698groups.htm
99.01.08 16:44 B E:\Inetpub\EARTH\saber\040698\040698harrykruger.jpg <-- earth /usr/ns-home/docs/saber/040698 040698harrykruger.jpg
99.01.08 16:44 B E:\Inetpub\EARTH\saber\040698\040698harrykrugerthumb.jpg <-- earth /usr/ns-home/docs/saber/040698 040698harrykrugerthumb.jpg
99.01.08 16:44 B E:\Inetpub\EARTH\saber\040698\040698ladycoug.htm <-- earth /usr/ns-home/docs/saber/040698 040698ladycoug.htm
99.01.08 16:44 B E:\Inetpub\EARTH\saber\040698\040698let2ed.htm <-- earth /usr/ns-home/docs/saber/040698 040698let2ed.htm
99.01.08 16:44 B E:\Inetpub\EARTH\saber\040698\040698letfromed.htm <-- earth /usr/ns-home/docs/saber/040698 040698letfromed.htm
99.01.08 16:44 B E:\Inetpub\EARTH\saber\040698\040698medallions.gif <-- earth /usr/ns-home/docs/saber/040698 040698medallions.gif
99.01.08 16:44 B E:\Inetpub\EARTH\saber\040698\040698minnesota.htm <-- earth /usr/ns-home/docs/saber/040698 040698minnesota.htm
99.01.08 16:44 B E:\Inetpub\EARTH\saber\040698\040698minnesota.jpg <-- earth /usr/ns-home/docs/saber/040698 040698minnesota.jpg
99.01.08 16:44 B E:\Inetpub\EARTH\saber\040698\040698minnesotathumb.jpg <-- earth /usr/ns-home/docs/saber/040698 040698minnesotathumb.jpg
99.01.08 16:44 B E:\Inetpub\EARTH\saber\040698\040698roar.htm <-- earth /usr/ns-home/docs/saber/040698 040698roar.htm
99.01.08 16:44 B E:\Inetpub\EARTH\saber\040698\040698sbcal.htm <-- earth /usr/ns-home/docs/saber/040698 040698sbcal.htm
99.01.08 16:44 B E:\Inetpub\EARTH\saber\040698\040698semqa.htm <-- earth /usr/ns-home/docs/saber/040698 040698semqa.htm
99.01.08 16:44 B E:\Inetpub\EARTH\saber\040698\040698springbreak.jpg <-- earth /usr/ns-home/docs/saber/040698 040698springbreak.jpg
99.01.08 16:44 B E:\Inetpub\EARTH\saber\040698\040698womack.jpg <-- earth /usr/ns-home/docs/saber/040698 040698womack.jpg
99.01.08 16:44 B E:\Inetpub\EARTH\saber\040698\articletemplate.htm <-- earth /usr/ns-home/docs/saber/040698 articletemplate.htm
99.01.29 14:54 B E:\Inetpub\wwwroot\saber\040698\040698bits.htm <-- earth /usr/ns-home/docs/saber/040698 040698bits.htm
99.01.29 14:54 B E:\Inetpub\wwwroot\saber\040698\040698candid.htm <-- earth /usr/ns-home/docs/saber/040698 040698candid.htm
99.01.29 14:54 B E:\Inetpub\wwwroot\saber\040698\040698dc.jpg <-- earth /usr/ns-home/docs/saber/040698 040698dc.jpg
99.01.29 14:54 B E:\Inetpub\wwwroot\saber\040698\040698fame.htm <-- earth /usr/ns-home/docs/saber/040698 040698fame.htm
99.01.29 14:54 B E:\Inetpub\wwwroot\saber\040698\040698fieldday.htm <-- earth /usr/ns-home/docs/saber/040698 040698fieldday.htm
99.01.29 14:54 B E:\Inetpub\wwwroot\saber\040698\040698fieldday.jpg <-- earth /usr/ns-home/docs/saber/040698 040698fieldday.jpg
99.01.29 14:54 B E:\Inetpub\wwwroot\saber\040698\040698fielddaythumb.jpg <-- earth /usr/ns-home/docs/saber/040698 040698fielddaythumb.jpg
99.01.29 14:54 B E:\Inetpub\wwwroot\saber\040698\040698groups.htm <-- earth /usr/ns-home/docs/saber/040698 040698groups.htm
99.01.29 14:54 B E:\Inetpub\wwwroot\saber\040698\040698harrykruger.jpg <-- earth /usr/ns-home/docs/saber/040698 040698harrykruger.jpg
99.01.29 14:54 B E:\Inetpub\wwwroot\saber\040698\040698harrykrugerthumb.jpg <-- earth /usr/ns-home/docs/saber/040698 040698harrykrugerthumb.jpg
99.01.29 14:54 B E:\Inetpub\wwwroot\saber\040698\040698ladycoug.htm <-- earth /usr/ns-home/docs/saber/040698 040698ladycoug.htm
99.01.29 14:54 B E:\Inetpub\wwwroot\saber\040698\040698let2ed.htm <-- earth /usr/ns-home/docs/saber/040698 040698let2ed.htm
99.01.29 14:54 B E:\Inetpub\wwwroot\saber\040698\040698letfromed.htm <-- earth /usr/ns-home/docs/saber/040698 040698letfromed.htm
99.01.29 14:54 B E:\Inetpub\wwwroot\saber\040698\040698medallions.gif <-- earth /usr/ns-home/docs/saber/040698 040698medallions.gif
99.01.29 14:54 B E:\Inetpub\wwwroot\saber\040698\040698minnesota.htm <-- earth /usr/ns-home/docs/saber/040698 040698minnesota.htm
99.01.29 14:54 B E:\Inetpub\wwwroot\saber\040698\040698minnesota.jpg <-- earth /usr/ns-home/docs/saber/040698 040698minnesota.jpg
99.01.29 14:54 B E:\Inetpub\wwwroot\saber\040698\040698minnesotathumb.jpg <-- earth /usr/ns-home/docs/saber/040698 040698minnesotathumb.jpg
99.01.29 14:54 B E:\Inetpub\wwwroot\saber\040698\040698roar.htm <-- earth /usr/ns-home/docs/saber/040698 040698roar.htm
99.01.29 14:54 B E:\Inetpub\wwwroot\saber\040698\040698sbcal.htm <-- earth /usr/ns-home/docs/saber/040698 040698sbcal.htm
99.01.29 14:54 B E:\Inetpub\wwwroot\saber\040698\040698semqa.htm <-- earth /usr/ns-home/docs/saber/040698 040698semqa.htm
99.01.29 14:54 B E:\Inetpub\wwwroot\saber\040698\040698springbreak.jpg <-- earth /usr/ns-home/docs/saber/040698 040698springbreak.jpg
99.01.29 14:54 B E:\Inetpub\wwwroot\saber\040698\040698womack.jpg <-- earth /usr/ns-home/docs/saber/040698 040698womack.jpg
99.01.29 14:54 B E:\Inetpub\wwwroot\saber\040698\articletemplate.htm <-- earth /usr/ns-home/docs/saber/040698 articletemplate.htm
