99.01.08 16:44 B E:\Inetpub\EARTH\saber\082498\082498bits.htm <-- earth /usr/ns-home/docs/saber/082498 082498bits.htm
99.01.08 16:44 B E:\Inetpub\EARTH\saber\082498\082498candid.htm <-- earth /usr/ns-home/docs/saber/082498 082498candid.htm
99.01.08 16:45 B E:\Inetpub\EARTH\saber\082498\082498center.htm <-- earth /usr/ns-home/docs/saber/082498 082498center.htm
99.01.08 16:45 B E:\Inetpub\EARTH\saber\082498\082498essay.htm <-- earth /usr/ns-home/docs/saber/082498 082498essay.htm
99.01.08 16:45 B E:\Inetpub\EARTH\saber\082498\082498flagraising.jpg <-- earth /usr/ns-home/docs/saber/082498 082498flagraising.jpg
99.01.08 16:45 B E:\Inetpub\EARTH\saber\082498\082498Joel.jpg <-- earth /usr/ns-home/docs/saber/082498 082498Joel.jpg
99.01.08 16:45 B E:\Inetpub\EARTH\saber\082498\082498kappa.htm <-- earth /usr/ns-home/docs/saber/082498 082498kappa.htm
99.01.08 16:45 B E:\Inetpub\EARTH\saber\082498\082498letfromed.htm <-- earth /usr/ns-home/docs/saber/082498 082498letfromed.htm
99.01.08 16:45 B E:\Inetpub\EARTH\saber\082498\082498music.htm <-- earth /usr/ns-home/docs/saber/082498 082498music.htm
99.01.08 16:45 B E:\Inetpub\EARTH\saber\082498\082498roar.htm <-- earth /usr/ns-home/docs/saber/082498 082498roar.htm
99.01.08 16:45 B E:\Inetpub\EARTH\saber\082498\082498sac.htm <-- earth /usr/ns-home/docs/saber/082498 082498sac.htm
99.01.08 16:45 B E:\Inetpub\EARTH\saber\082498\082498sac.jpg <-- earth /usr/ns-home/docs/saber/082498 082498sac.jpg
99.01.08 16:45 B E:\Inetpub\EARTH\saber\082498\liz.jpg <-- earth /usr/ns-home/docs/saber/082498 liz.jpg
99.01.08 16:45 B E:\Inetpub\EARTH\saber\082498\Sammy.jpg <-- earth /usr/ns-home/docs/saber/082498 Sammy.jpg
99.01.29 14:54 B E:\Inetpub\wwwroot\saber\082498\082498bits.htm <-- earth /usr/ns-home/docs/saber/082498 082498bits.htm
99.01.29 14:54 B E:\Inetpub\wwwroot\saber\082498\082498candid.htm <-- earth /usr/ns-home/docs/saber/082498 082498candid.htm
99.01.29 14:54 B E:\Inetpub\wwwroot\saber\082498\082498center.htm <-- earth /usr/ns-home/docs/saber/082498 082498center.htm
99.01.29 14:54 B E:\Inetpub\wwwroot\saber\082498\082498essay.htm <-- earth /usr/ns-home/docs/saber/082498 082498essay.htm
99.01.29 14:54 B E:\Inetpub\wwwroot\saber\082498\082498flagraising.jpg <-- earth /usr/ns-home/docs/saber/082498 082498flagraising.jpg
99.01.29 14:54 B E:\Inetpub\wwwroot\saber\082498\082498Joel.jpg <-- earth /usr/ns-home/docs/saber/082498 082498Joel.jpg
99.01.29 14:54 B E:\Inetpub\wwwroot\saber\082498\082498kappa.htm <-- earth /usr/ns-home/docs/saber/082498 082498kappa.htm
99.01.29 14:54 B E:\Inetpub\wwwroot\saber\082498\082498letfromed.htm <-- earth /usr/ns-home/docs/saber/082498 082498letfromed.htm
99.01.29 14:54 B E:\Inetpub\wwwroot\saber\082498\082498music.htm <-- earth /usr/ns-home/docs/saber/082498 082498music.htm
99.01.29 14:54 B E:\Inetpub\wwwroot\saber\082498\082498roar.htm <-- earth /usr/ns-home/docs/saber/082498 082498roar.htm
99.01.29 14:54 B E:\Inetpub\wwwroot\saber\082498\082498sac.htm <-- earth /usr/ns-home/docs/saber/082498 082498sac.htm
99.01.29 14:54 B E:\Inetpub\wwwroot\saber\082498\082498sac.jpg <-- earth /usr/ns-home/docs/saber/082498 082498sac.jpg
99.01.29 14:54 B E:\Inetpub\wwwroot\saber\082498\liz.jpg <-- earth /usr/ns-home/docs/saber/082498 liz.jpg
99.01.29 14:54 B E:\Inetpub\wwwroot\saber\082498\Sammy.jpg <-- earth /usr/ns-home/docs/saber/082498 Sammy.jpg
