99.01.08 16:43 B E:\Inetpub\EARTH\saber\011298\08C009.gif <-- earth /usr/ns-home/docs/saber/011298 08C009.gif
99.01.08 16:43 B E:\Inetpub\EARTH\saber\011298\11298clinton.htm <-- earth /usr/ns-home/docs/saber/011298 11298clinton.htm
99.01.08 16:43 B E:\Inetpub\EARTH\saber\011298\11298condom.htm <-- earth /usr/ns-home/docs/saber/011298 11298condom.htm
99.01.08 16:43 B E:\Inetpub\EARTH\saber\011298\11298dorm.htm <-- earth /usr/ns-home/docs/saber/011298 11298dorm.htm
99.01.08 16:43 B E:\Inetpub\EARTH\saber\011298\11298lady.htm <-- earth /usr/ns-home/docs/saber/011298 11298lady.htm
99.01.08 16:43 B E:\Inetpub\EARTH\saber\011298\11298resolu.htm <-- earth /usr/ns-home/docs/saber/011298 11298resolu.htm
99.01.08 16:43 B E:\Inetpub\EARTH\saber\011298\11298review.htm <-- earth /usr/ns-home/docs/saber/011298 11298review.htm
99.01.08 16:43 B E:\Inetpub\EARTH\saber\011298\adcondom.gif <-- earth /usr/ns-home/docs/saber/011298 adcondom.gif
99.01.08 16:43 B E:\Inetpub\EARTH\saber\011298\clinton.jpg <-- earth /usr/ns-home/docs/saber/011298 clinton.jpg
99.01.08 16:43 B E:\Inetpub\EARTH\saber\011298\Courtyard.jpg <-- earth /usr/ns-home/docs/saber/011298 Courtyard.jpg
99.01.08 16:43 B E:\Inetpub\EARTH\saber\011298\Lady_Cougars.jpg <-- earth /usr/ns-home/docs/saber/011298 Lady_Cougars.jpg
99.01.08 16:43 B E:\Inetpub\EARTH\saber\011298\lotscond.gif <-- earth /usr/ns-home/docs/saber/011298 lotscond.gif
99.01.08 16:43 B E:\Inetpub\EARTH\saber\011298\salamanca.jpg <-- earth /usr/ns-home/docs/saber/011298 salamanca.jpg
99.01.08 16:43 B E:\Inetpub\EARTH\saber\011298\titanic.jpg <-- earth /usr/ns-home/docs/saber/011298 titanic.jpg
99.01.29 14:53 B E:\Inetpub\wwwroot\saber\011298\08C009.gif <-- earth /usr/ns-home/docs/saber/011298 08C009.gif
99.01.29 14:53 B E:\Inetpub\wwwroot\saber\011298\11298clinton.htm <-- earth /usr/ns-home/docs/saber/011298 11298clinton.htm
99.01.29 14:53 B E:\Inetpub\wwwroot\saber\011298\11298condom.htm <-- earth /usr/ns-home/docs/saber/011298 11298condom.htm
99.01.29 14:53 B E:\Inetpub\wwwroot\saber\011298\11298dorm.htm <-- earth /usr/ns-home/docs/saber/011298 11298dorm.htm
99.01.29 14:53 B E:\Inetpub\wwwroot\saber\011298\11298lady.htm <-- earth /usr/ns-home/docs/saber/011298 11298lady.htm
99.01.29 14:53 B E:\Inetpub\wwwroot\saber\011298\11298resolu.htm <-- earth /usr/ns-home/docs/saber/011298 11298resolu.htm
99.01.29 14:53 B E:\Inetpub\wwwroot\saber\011298\11298review.htm <-- earth /usr/ns-home/docs/saber/011298 11298review.htm
99.01.29 14:53 B E:\Inetpub\wwwroot\saber\011298\adcondom.gif <-- earth /usr/ns-home/docs/saber/011298 adcondom.gif
99.01.29 14:53 B E:\Inetpub\wwwroot\saber\011298\clinton.jpg <-- earth /usr/ns-home/docs/saber/011298 clinton.jpg
99.01.29 14:53 B E:\Inetpub\wwwroot\saber\011298\Courtyard.jpg <-- earth /usr/ns-home/docs/saber/011298 Courtyard.jpg
99.01.29 14:53 B E:\Inetpub\wwwroot\saber\011298\Lady_Cougars.jpg <-- earth /usr/ns-home/docs/saber/011298 Lady_Cougars.jpg
99.01.29 14:53 B E:\Inetpub\wwwroot\saber\011298\lotscond.gif <-- earth /usr/ns-home/docs/saber/011298 lotscond.gif
99.01.29 14:53 B E:\Inetpub\wwwroot\saber\011298\salamanca.jpg <-- earth /usr/ns-home/docs/saber/011298 salamanca.jpg
99.01.29 14:53 B E:\Inetpub\wwwroot\saber\011298\titanic.jpg <-- earth /usr/ns-home/docs/saber/011298 titanic.jpg
