99.01.08 16:44 B E:\Inetpub\EARTH\saber\022398\022398candid.htm <-- earth /usr/ns-home/docs/saber/022398 022398candid.htm
99.01.08 16:44 B E:\Inetpub\EARTH\saber\022398\022398cddjshadow.jpg <-- earth /usr/ns-home/docs/saber/022398 022398cddjshadow.jpg
99.01.08 16:44 B E:\Inetpub\EARTH\saber\022398\022398cdjanesadd.jpg <-- earth /usr/ns-home/docs/saber/022398 022398cdjanesadd.jpg
99.01.08 16:44 B E:\Inetpub\EARTH\saber\022398\022398cdnofx.jpg <-- earth /usr/ns-home/docs/saber/022398 022398cdnofx.jpg
99.01.08 16:44 B E:\Inetpub\EARTH\saber\022398\022398cdrev.htm <-- earth /usr/ns-home/docs/saber/022398 022398cdrev.htm
99.01.08 16:44 B E:\Inetpub\EARTH\saber\022398\022398cdthumb.gif <-- earth /usr/ns-home/docs/saber/022398 022398cdthumb.gif
99.01.08 16:44 B E:\Inetpub\EARTH\saber\022398\022398cougs.htm <-- earth /usr/ns-home/docs/saber/022398 022398cougs.htm
99.01.08 16:44 B E:\Inetpub\EARTH\saber\022398\022398crowell.htm <-- earth /usr/ns-home/docs/saber/022398 022398crowell.htm
99.01.08 16:44 B E:\Inetpub\EARTH\saber\022398\022398db.jpg <-- earth /usr/ns-home/docs/saber/022398 022398db.jpg
99.01.08 16:44 B E:\Inetpub\EARTH\saber\022398\022398db2.jpg <-- earth /usr/ns-home/docs/saber/022398 022398db2.jpg
99.01.08 16:44 B E:\Inetpub\EARTH\saber\022398\022398ladycoug.htm <-- earth /usr/ns-home/docs/saber/022398 022398ladycoug.htm
99.01.08 16:44 B E:\Inetpub\EARTH\saber\022398\022398let2ed.htm <-- earth /usr/ns-home/docs/saber/022398 022398let2ed.htm
99.01.08 16:44 B E:\Inetpub\EARTH\saber\022398\022398letfromed.htm <-- earth /usr/ns-home/docs/saber/022398 022398letfromed.htm
99.01.08 16:44 B E:\Inetpub\EARTH\saber\022398\022398pearl.htm <-- earth /usr/ns-home/docs/saber/022398 022398pearl.htm
99.01.08 16:44 B E:\Inetpub\EARTH\saber\022398\022398pearl.jpg <-- earth /usr/ns-home/docs/saber/022398 022398pearl.jpg
99.01.08 16:44 B E:\Inetpub\EARTH\saber\022398\022398pearlthumb.jpg <-- earth /usr/ns-home/docs/saber/022398 022398pearlthumb.jpg
99.01.08 16:44 B E:\Inetpub\EARTH\saber\022398\022398roar.htm <-- earth /usr/ns-home/docs/saber/022398 022398roar.htm
99.01.08 16:44 B E:\Inetpub\EARTH\saber\022398\022398rotc.htm <-- earth /usr/ns-home/docs/saber/022398 022398rotc.htm
99.01.08 16:44 B E:\Inetpub\EARTH\saber\022398\022398rotc.jpg <-- earth /usr/ns-home/docs/saber/022398 022398rotc.jpg
99.01.08 16:44 B E:\Inetpub\EARTH\saber\022398\022398rotcthumb.jpg <-- earth /usr/ns-home/docs/saber/022398 022398rotcthumb.jpg
99.01.08 16:44 B E:\Inetpub\EARTH\saber\022398\022398stress.htm <-- earth /usr/ns-home/docs/saber/022398 022398stress.htm
99.01.08 16:44 B E:\Inetpub\EARTH\saber\022398\022398study.htm <-- earth /usr/ns-home/docs/saber/022398 022398study.htm
99.01.08 16:44 B E:\Inetpub\EARTH\saber\022398\022398wedding.htm <-- earth /usr/ns-home/docs/saber/022398 022398wedding.htm
99.01.08 16:44 B E:\Inetpub\EARTH\saber\022398\022398wedding.jpg <-- earth /usr/ns-home/docs/saber/022398 022398wedding.jpg
99.01.08 16:44 B E:\Inetpub\EARTH\saber\022398\022398weddingtumb.jpg <-- earth /usr/ns-home/docs/saber/022398 022398weddingtumb.jpg
99.01.29 14:54 B E:\Inetpub\wwwroot\saber\022398\022398candid.htm <-- earth /usr/ns-home/docs/saber/022398 022398candid.htm
99.01.29 14:54 B E:\Inetpub\wwwroot\saber\022398\022398cddjshadow.jpg <-- earth /usr/ns-home/docs/saber/022398 022398cddjshadow.jpg
99.01.29 14:54 B E:\Inetpub\wwwroot\saber\022398\022398cdjanesadd.jpg <-- earth /usr/ns-home/docs/saber/022398 022398cdjanesadd.jpg
99.01.29 14:54 B E:\Inetpub\wwwroot\saber\022398\022398cdnofx.jpg <-- earth /usr/ns-home/docs/saber/022398 022398cdnofx.jpg
99.01.29 14:54 B E:\Inetpub\wwwroot\saber\022398\022398cdrev.htm <-- earth /usr/ns-home/docs/saber/022398 022398cdrev.htm
99.01.29 14:54 B E:\Inetpub\wwwroot\saber\022398\022398cdthumb.gif <-- earth /usr/ns-home/docs/saber/022398 022398cdthumb.gif
99.01.29 14:54 B E:\Inetpub\wwwroot\saber\022398\022398cougs.htm <-- earth /usr/ns-home/docs/saber/022398 022398cougs.htm
99.01.29 14:54 B E:\Inetpub\wwwroot\saber\022398\022398crowell.htm <-- earth /usr/ns-home/docs/saber/022398 022398crowell.htm
99.01.29 14:54 B E:\Inetpub\wwwroot\saber\022398\022398db.jpg <-- earth /usr/ns-home/docs/saber/022398 022398db.jpg
99.01.29 14:54 B E:\Inetpub\wwwroot\saber\022398\022398db2.jpg <-- earth /usr/ns-home/docs/saber/022398 022398db2.jpg
99.01.29 14:54 B E:\Inetpub\wwwroot\saber\022398\022398ladycoug.htm <-- earth /usr/ns-home/docs/saber/022398 022398ladycoug.htm
99.01.29 14:54 B E:\Inetpub\wwwroot\saber\022398\022398let2ed.htm <-- earth /usr/ns-home/docs/saber/022398 022398let2ed.htm
99.01.29 14:54 B E:\Inetpub\wwwroot\saber\022398\022398letfromed.htm <-- earth /usr/ns-home/docs/saber/022398 022398letfromed.htm
99.01.29 14:54 B E:\Inetpub\wwwroot\saber\022398\022398pearl.htm <-- earth /usr/ns-home/docs/saber/022398 022398pearl.htm
99.01.29 14:54 B E:\Inetpub\wwwroot\saber\022398\022398pearl.jpg <-- earth /usr/ns-home/docs/saber/022398 022398pearl.jpg
99.01.29 14:54 B E:\Inetpub\wwwroot\saber\022398\022398pearlthumb.jpg <-- earth /usr/ns-home/docs/saber/022398 022398pearlthumb.jpg
99.01.29 14:54 B E:\Inetpub\wwwroot\saber\022398\022398roar.htm <-- earth /usr/ns-home/docs/saber/022398 022398roar.htm
99.01.29 14:54 B E:\Inetpub\wwwroot\saber\022398\022398rotc.htm <-- earth /usr/ns-home/docs/saber/022398 022398rotc.htm
99.01.29 14:54 B E:\Inetpub\wwwroot\saber\022398\022398rotc.jpg <-- earth /usr/ns-home/docs/saber/022398 022398rotc.jpg
99.01.29 14:54 B E:\Inetpub\wwwroot\saber\022398\022398rotcthumb.jpg <-- earth /usr/ns-home/docs/saber/022398 022398rotcthumb.jpg
99.01.29 14:54 B E:\Inetpub\wwwroot\saber\022398\022398stress.htm <-- earth /usr/ns-home/docs/saber/022398 022398stress.htm
99.01.29 14:54 B E:\Inetpub\wwwroot\saber\022398\022398study.htm <-- earth /usr/ns-home/docs/saber/022398 022398study.htm
99.01.29 14:54 B E:\Inetpub\wwwroot\saber\022398\022398wedding.htm <-- earth /usr/ns-home/docs/saber/022398 022398wedding.htm
99.01.29 14:54 B E:\Inetpub\wwwroot\saber\022398\022398wedding.jpg <-- earth /usr/ns-home/docs/saber/022398 022398wedding.jpg
99.01.29 14:54 B E:\Inetpub\wwwroot\saber\022398\022398weddingtumb.jpg <-- earth /usr/ns-home/docs/saber/022398 022398weddingtumb.jpg
