99.01.08 16:44 B E:\Inetpub\EARTH\saber\020298\020298candid.htm <-- earth /usr/ns-home/docs/saber/020298 020298candid.htm
99.01.08 16:44 B E:\Inetpub\EARTH\saber\020298\020298clark.htm <-- earth /usr/ns-home/docs/saber/020298 020298clark.htm
99.01.08 16:44 B E:\Inetpub\EARTH\saber\020298\020298cougars.htm <-- earth /usr/ns-home/docs/saber/020298 020298cougars.htm
99.01.08 16:44 B E:\Inetpub\EARTH\saber\020298\020298desp.jpg <-- earth /usr/ns-home/docs/saber/020298 020298desp.jpg
99.01.08 16:44 B E:\Inetpub\EARTH\saber\020298\020298desparate.htm <-- earth /usr/ns-home/docs/saber/020298 020298desparate.htm
99.01.08 16:44 B E:\Inetpub\EARTH\saber\020298\020298despthumb.jpg <-- earth /usr/ns-home/docs/saber/020298 020298despthumb.jpg
99.01.08 16:44 B E:\Inetpub\EARTH\saber\020298\020298guatemala.htm <-- earth /usr/ns-home/docs/saber/020298 020298guatemala.htm
99.01.08 16:44 B E:\Inetpub\EARTH\saber\020298\020298homecoming.jpg <-- earth /usr/ns-home/docs/saber/020298 020298homecoming.jpg
99.01.08 16:44 B E:\Inetpub\EARTH\saber\020298\020298humane.htm <-- earth /usr/ns-home/docs/saber/020298 020298humane.htm
99.01.08 16:44 B E:\Inetpub\EARTH\saber\020298\020298joeclark.jpg <-- earth /usr/ns-home/docs/saber/020298 020298joeclark.jpg
99.01.08 16:44 B E:\Inetpub\EARTH\saber\020298\020298joethumb.jpg <-- earth /usr/ns-home/docs/saber/020298 020298joethumb.jpg
99.01.08 16:44 B E:\Inetpub\EARTH\saber\020298\020298kitten2.jpg <-- earth /usr/ns-home/docs/saber/020298 020298kitten2.jpg
99.01.08 16:44 B E:\Inetpub\EARTH\saber\020298\020298kitten3.jpg <-- earth /usr/ns-home/docs/saber/020298 020298kitten3.jpg
99.01.08 16:44 B E:\Inetpub\EARTH\saber\020298\020298lacage.htm <-- earth /usr/ns-home/docs/saber/020298 020298lacage.htm
99.01.08 16:44 B E:\Inetpub\EARTH\saber\020298\020298lacage.jpg <-- earth /usr/ns-home/docs/saber/020298 020298lacage.jpg
99.01.08 16:44 B E:\Inetpub\EARTH\saber\020298\020298lacagethumb.jpg <-- earth /usr/ns-home/docs/saber/020298 020298lacagethumb.jpg
99.01.08 16:44 B E:\Inetpub\EARTH\saber\020298\020298ladycougs.htm <-- earth /usr/ns-home/docs/saber/020298 020298ladycougs.htm
99.01.08 16:44 B E:\Inetpub\EARTH\saber\020298\020298letter.htm <-- earth /usr/ns-home/docs/saber/020298 020298letter.htm
99.01.08 16:44 B E:\Inetpub\EARTH\saber\020298\020298music.htm <-- earth /usr/ns-home/docs/saber/020298 020298music.htm
99.01.08 16:44 B E:\Inetpub\EARTH\saber\020298\020298readerpoll.jpg <-- earth /usr/ns-home/docs/saber/020298 020298readerpoll.jpg
99.01.08 16:44 B E:\Inetpub\EARTH\saber\020298\020298roar.htm <-- earth /usr/ns-home/docs/saber/020298 020298roar.htm
99.01.08 16:44 B E:\Inetpub\EARTH\saber\020298\020298sprtedit.htm <-- earth /usr/ns-home/docs/saber/020298 020298sprtedit.htm
99.01.08 16:44 B E:\Inetpub\EARTH\saber\020298\020298tommy.jpg <-- earth /usr/ns-home/docs/saber/020298 020298tommy.jpg
99.01.08 16:44 B E:\Inetpub\EARTH\saber\020298\2298dog.jpg <-- earth /usr/ns-home/docs/saber/020298 2298dog.jpg
99.01.08 16:44 B E:\Inetpub\EARTH\saber\020298\2298kitten.jpg <-- earth /usr/ns-home/docs/saber/020298 2298kitten.jpg
99.01.08 16:44 B E:\Inetpub\EARTH\saber\020298\Homejump.gif <-- earth /usr/ns-home/docs/saber/020298 Homejump.gif
99.01.29 14:53 B E:\Inetpub\wwwroot\saber\020298\020298candid.htm <-- earth /usr/ns-home/docs/saber/020298 020298candid.htm
99.01.29 14:53 B E:\Inetpub\wwwroot\saber\020298\020298clark.htm <-- earth /usr/ns-home/docs/saber/020298 020298clark.htm
99.01.29 14:53 B E:\Inetpub\wwwroot\saber\020298\020298cougars.htm <-- earth /usr/ns-home/docs/saber/020298 020298cougars.htm
99.01.29 14:53 B E:\Inetpub\wwwroot\saber\020298\020298desp.jpg <-- earth /usr/ns-home/docs/saber/020298 020298desp.jpg
99.01.29 14:53 B E:\Inetpub\wwwroot\saber\020298\020298desparate.htm <-- earth /usr/ns-home/docs/saber/020298 020298desparate.htm
99.01.29 14:53 B E:\Inetpub\wwwroot\saber\020298\020298despthumb.jpg <-- earth /usr/ns-home/docs/saber/020298 020298despthumb.jpg
99.01.29 14:53 B E:\Inetpub\wwwroot\saber\020298\020298guatemala.htm <-- earth /usr/ns-home/docs/saber/020298 020298guatemala.htm
99.01.29 14:53 B E:\Inetpub\wwwroot\saber\020298\020298homecoming.jpg <-- earth /usr/ns-home/docs/saber/020298 020298homecoming.jpg
99.01.29 14:53 B E:\Inetpub\wwwroot\saber\020298\020298humane.htm <-- earth /usr/ns-home/docs/saber/020298 020298humane.htm
99.01.29 14:53 B E:\Inetpub\wwwroot\saber\020298\020298joeclark.jpg <-- earth /usr/ns-home/docs/saber/020298 020298joeclark.jpg
99.01.29 14:53 B E:\Inetpub\wwwroot\saber\020298\020298joethumb.jpg <-- earth /usr/ns-home/docs/saber/020298 020298joethumb.jpg
99.01.29 14:53 B E:\Inetpub\wwwroot\saber\020298\020298kitten2.jpg <-- earth /usr/ns-home/docs/saber/020298 020298kitten2.jpg
99.01.29 14:53 B E:\Inetpub\wwwroot\saber\020298\020298kitten3.jpg <-- earth /usr/ns-home/docs/saber/020298 020298kitten3.jpg
99.01.29 14:53 B E:\Inetpub\wwwroot\saber\020298\020298lacage.htm <-- earth /usr/ns-home/docs/saber/020298 020298lacage.htm
99.01.29 14:54 B E:\Inetpub\wwwroot\saber\020298\020298lacage.jpg <-- earth /usr/ns-home/docs/saber/020298 020298lacage.jpg
99.01.29 14:54 B E:\Inetpub\wwwroot\saber\020298\020298lacagethumb.jpg <-- earth /usr/ns-home/docs/saber/020298 020298lacagethumb.jpg
99.01.29 14:54 B E:\Inetpub\wwwroot\saber\020298\020298ladycougs.htm <-- earth /usr/ns-home/docs/saber/020298 020298ladycougs.htm
99.01.29 14:54 B E:\Inetpub\wwwroot\saber\020298\020298letter.htm <-- earth /usr/ns-home/docs/saber/020298 020298letter.htm
99.01.29 14:54 B E:\Inetpub\wwwroot\saber\020298\020298music.htm <-- earth /usr/ns-home/docs/saber/020298 020298music.htm
99.01.29 14:54 B E:\Inetpub\wwwroot\saber\020298\020298readerpoll.jpg <-- earth /usr/ns-home/docs/saber/020298 020298readerpoll.jpg
99.01.29 14:54 B E:\Inetpub\wwwroot\saber\020298\020298roar.htm <-- earth /usr/ns-home/docs/saber/020298 020298roar.htm
99.01.29 14:54 B E:\Inetpub\wwwroot\saber\020298\020298sprtedit.htm <-- earth /usr/ns-home/docs/saber/020298 020298sprtedit.htm
99.01.29 14:54 B E:\Inetpub\wwwroot\saber\020298\020298tommy.jpg <-- earth /usr/ns-home/docs/saber/020298 020298tommy.jpg
99.01.29 14:54 B E:\Inetpub\wwwroot\saber\020298\2298dog.jpg <-- earth /usr/ns-home/docs/saber/020298 2298dog.jpg
99.01.29 14:54 B E:\Inetpub\wwwroot\saber\020298\2298kitten.jpg <-- earth /usr/ns-home/docs/saber/020298 2298kitten.jpg
99.01.29 14:54 B E:\Inetpub\wwwroot\saber\020298\Homejump.gif <-- earth /usr/ns-home/docs/saber/020298 Homejump.gif
