99.01.08 16:45 B E:\Inetpub\EARTH\saber\092298\092298athletics.htm <-- earth /usr/ns-home/docs/saber/092298 092298athletics.htm
99.01.08 16:45 B E:\Inetpub\EARTH\saber\092298\092298bagley.htm <-- earth /usr/ns-home/docs/saber/092298 092298bagley.htm
99.01.08 16:45 B E:\Inetpub\EARTH\saber\092298\092298brown.htm <-- earth /usr/ns-home/docs/saber/092298 092298brown.htm
99.01.08 16:45 B E:\Inetpub\EARTH\saber\092298\092298brown.jpg <-- earth /usr/ns-home/docs/saber/092298 092298brown.jpg
99.01.08 16:45 B E:\Inetpub\EARTH\saber\092298\092298brownforum.gif <-- earth /usr/ns-home/docs/saber/092298 092298brownforum.gif
99.01.08 16:45 B E:\Inetpub\EARTH\saber\092298\092298cafe.htm <-- earth /usr/ns-home/docs/saber/092298 092298cafe.htm
99.01.08 16:45 B E:\Inetpub\EARTH\saber\092298\092298campus.htm <-- earth /usr/ns-home/docs/saber/092298 092298campus.htm
99.01.08 16:45 B E:\Inetpub\EARTH\saber\092298\092298ccsign.gif <-- earth /usr/ns-home/docs/saber/092298 092298ccsign.gif
99.01.08 16:45 B E:\Inetpub\EARTH\saber\092298\092298celebrate.jpg <-- earth /usr/ns-home/docs/saber/092298 092298celebrate.jpg
99.01.08 16:45 B E:\Inetpub\EARTH\saber\092298\092298coliseum.htm <-- earth /usr/ns-home/docs/saber/092298 092298coliseum.htm
99.01.08 16:45 B E:\Inetpub\EARTH\saber\092298\092298hist.htm <-- earth /usr/ns-home/docs/saber/092298 092298hist.htm
99.01.08 16:45 B E:\Inetpub\EARTH\saber\092298\092298looking.htm <-- earth /usr/ns-home/docs/saber/092298 092298looking.htm
99.01.08 16:45 B E:\Inetpub\EARTH\saber\092298\092298mainlogo.gif <-- earth /usr/ns-home/docs/saber/092298 092298mainlogo.gif
99.01.08 16:45 B E:\Inetpub\EARTH\saber\092298\092298newpres.htm <-- earth /usr/ns-home/docs/saber/092298 092298newpres.htm
99.01.08 16:45 B E:\Inetpub\EARTH\saber\092298\092298now.jpg <-- earth /usr/ns-home/docs/saber/092298 092298now.jpg
99.01.08 16:45 B E:\Inetpub\EARTH\saber\092298\092298rebel.htm <-- earth /usr/ns-home/docs/saber/092298 092298rebel.htm
99.01.08 16:45 B E:\Inetpub\EARTH\saber\092298\092298reo.htm <-- earth /usr/ns-home/docs/saber/092298 092298reo.htm
99.01.08 16:45 B E:\Inetpub\EARTH\saber\092298\092298streak.htm <-- earth /usr/ns-home/docs/saber/092298 092298streak.htm
99.01.08 16:45 B E:\Inetpub\EARTH\saber\092298\092298streakers.jpg <-- earth /usr/ns-home/docs/saber/092298 092298streakers.jpg
99.01.08 16:45 B E:\Inetpub\EARTH\saber\092298\092298then.jpg <-- earth /usr/ns-home/docs/saber/092298 092298then.jpg
99.01.08 16:45 B E:\Inetpub\EARTH\saber\092298\092298through.htm <-- earth /usr/ns-home/docs/saber/092298 092298through.htm
99.01.08 16:45 B E:\Inetpub\EARTH\saber\092298\092298univ.htm <-- earth /usr/ns-home/docs/saber/092298 092298univ.htm
99.01.08 16:45 B E:\Inetpub\EARTH\saber\092298\092298wheaties.gif <-- earth /usr/ns-home/docs/saber/092298 092298wheaties.gif
99.01.08 16:45 B E:\Inetpub\EARTH\saber\092298\092298whitley.htm <-- earth /usr/ns-home/docs/saber/092298 092298whitley.htm
99.01.08 16:45 B E:\Inetpub\EARTH\saber\092298\092298whitley.jpg <-- earth /usr/ns-home/docs/saber/092298 092298whitley.jpg
99.01.29 14:55 B E:\Inetpub\wwwroot\saber\092298\092298athletics.htm <-- earth /usr/ns-home/docs/saber/092298 092298athletics.htm
99.01.29 14:55 B E:\Inetpub\wwwroot\saber\092298\092298bagley.htm <-- earth /usr/ns-home/docs/saber/092298 092298bagley.htm
99.01.29 14:55 B E:\Inetpub\wwwroot\saber\092298\092298brown.htm <-- earth /usr/ns-home/docs/saber/092298 092298brown.htm
99.01.29 14:55 B E:\Inetpub\wwwroot\saber\092298\092298brown.jpg <-- earth /usr/ns-home/docs/saber/092298 092298brown.jpg
99.01.29 14:55 B E:\Inetpub\wwwroot\saber\092298\092298brownforum.gif <-- earth /usr/ns-home/docs/saber/092298 092298brownforum.gif
99.01.29 14:55 B E:\Inetpub\wwwroot\saber\092298\092298cafe.htm <-- earth /usr/ns-home/docs/saber/092298 092298cafe.htm
99.01.29 14:55 B E:\Inetpub\wwwroot\saber\092298\092298campus.htm <-- earth /usr/ns-home/docs/saber/092298 092298campus.htm
99.01.29 14:55 B E:\Inetpub\wwwroot\saber\092298\092298ccsign.gif <-- earth /usr/ns-home/docs/saber/092298 092298ccsign.gif
99.01.29 14:55 B E:\Inetpub\wwwroot\saber\092298\092298celebrate.jpg <-- earth /usr/ns-home/docs/saber/092298 092298celebrate.jpg
99.01.29 14:55 B E:\Inetpub\wwwroot\saber\092298\092298coliseum.htm <-- earth /usr/ns-home/docs/saber/092298 092298coliseum.htm
99.01.29 14:55 B E:\Inetpub\wwwroot\saber\092298\092298hist.htm <-- earth /usr/ns-home/docs/saber/092298 092298hist.htm
99.01.29 14:55 B E:\Inetpub\wwwroot\saber\092298\092298looking.htm <-- earth /usr/ns-home/docs/saber/092298 092298looking.htm
99.01.29 14:55 B E:\Inetpub\wwwroot\saber\092298\092298mainlogo.gif <-- earth /usr/ns-home/docs/saber/092298 092298mainlogo.gif
99.01.29 14:55 B E:\Inetpub\wwwroot\saber\092298\092298newpres.htm <-- earth /usr/ns-home/docs/saber/092298 092298newpres.htm
99.01.29 14:55 B E:\Inetpub\wwwroot\saber\092298\092298now.jpg <-- earth /usr/ns-home/docs/saber/092298 092298now.jpg
99.01.29 14:55 B E:\Inetpub\wwwroot\saber\092298\092298rebel.htm <-- earth /usr/ns-home/docs/saber/092298 092298rebel.htm
99.01.29 14:55 B E:\Inetpub\wwwroot\saber\092298\092298reo.htm <-- earth /usr/ns-home/docs/saber/092298 092298reo.htm
99.01.29 14:55 B E:\Inetpub\wwwroot\saber\092298\092298streak.htm <-- earth /usr/ns-home/docs/saber/092298 092298streak.htm
99.01.29 14:55 B E:\Inetpub\wwwroot\saber\092298\092298streakers.jpg <-- earth /usr/ns-home/docs/saber/092298 092298streakers.jpg
99.01.29 14:55 B E:\Inetpub\wwwroot\saber\092298\092298then.jpg <-- earth /usr/ns-home/docs/saber/092298 092298then.jpg
99.01.29 14:55 B E:\Inetpub\wwwroot\saber\092298\092298through.htm <-- earth /usr/ns-home/docs/saber/092298 092298through.htm
99.01.29 14:55 B E:\Inetpub\wwwroot\saber\092298\092298univ.htm <-- earth /usr/ns-home/docs/saber/092298 092298univ.htm
99.01.29 14:55 B E:\Inetpub\wwwroot\saber\092298\092298wheaties.gif <-- earth /usr/ns-home/docs/saber/092298 092298wheaties.gif
99.01.29 14:55 B E:\Inetpub\wwwroot\saber\092298\092298whitley.htm <-- earth /usr/ns-home/docs/saber/092298 092298whitley.htm
99.01.29 14:55 B E:\Inetpub\wwwroot\saber\092298\092298whitley.jpg <-- earth /usr/ns-home/docs/saber/092298 092298whitley.jpg
