99.01.08 16:43 B E:\Inetpub\EARTH\saber\011998\1-19-98_Marine.gif <-- earth /usr/ns-home/docs/saber/011998 1-19-98_Marine.gif
99.01.08 16:44 B E:\Inetpub\EARTH\saber\011998\11998anna.htm <-- earth /usr/ns-home/docs/saber/011998 11998anna.htm
99.01.08 16:44 B E:\Inetpub\EARTH\saber\011998\11998AnnaMion.jpg <-- earth /usr/ns-home/docs/saber/011998 11998AnnaMion.jpg
99.01.08 16:44 B E:\Inetpub\EARTH\saber\011998\11998guru.htm <-- earth /usr/ns-home/docs/saber/011998 11998guru.htm
99.01.08 16:44 B E:\Inetpub\EARTH\saber\011998\11998innov.htm <-- earth /usr/ns-home/docs/saber/011998 11998innov.htm
99.01.08 16:44 B E:\Inetpub\EARTH\saber\011998\11998Marine.gif <-- earth /usr/ns-home/docs/saber/011998 11998Marine.gif
99.01.08 16:44 B E:\Inetpub\EARTH\saber\011998\11998marine.htm <-- earth /usr/ns-home/docs/saber/011998 11998marine.htm
99.01.08 16:44 B E:\Inetpub\EARTH\saber\011998\11998mlk.htm <-- earth /usr/ns-home/docs/saber/011998 11998mlk.htm
99.01.08 16:44 B E:\Inetpub\EARTH\saber\011998\11998mlk.jpg <-- earth /usr/ns-home/docs/saber/011998 11998mlk.jpg
99.01.08 16:44 B E:\Inetpub\EARTH\saber\011998\11998music.htm <-- earth /usr/ns-home/docs/saber/011998 11998music.htm
99.01.08 16:44 B E:\Inetpub\EARTH\saber\011998\11998nichols.htm <-- earth /usr/ns-home/docs/saber/011998 11998nichols.htm
99.01.08 16:44 B E:\Inetpub\EARTH\saber\011998\11998roar.htm <-- earth /usr/ns-home/docs/saber/011998 11998roar.htm
99.01.08 16:44 B E:\Inetpub\EARTH\saber\011998\11998terry.jpg <-- earth /usr/ns-home/docs/saber/011998 11998terry.jpg
99.01.08 16:44 B E:\Inetpub\EARTH\saber\011998\28J008.gif <-- earth /usr/ns-home/docs/saber/011998 28J008.gif
99.01.08 16:44 B E:\Inetpub\EARTH\saber\011998\Reader_Poll_11998.gif <-- earth /usr/ns-home/docs/saber/011998 Reader_Poll_11998.gif
99.01.08 16:44 B E:\Inetpub\EARTH\saber\011998\ReaderPoll.gif <-- earth /usr/ns-home/docs/saber/011998 ReaderPoll.gif
99.01.29 14:53 B E:\Inetpub\wwwroot\saber\011998\1-19-98_Marine.gif <-- earth /usr/ns-home/docs/saber/011998 1-19-98_Marine.gif
99.01.29 14:53 B E:\Inetpub\wwwroot\saber\011998\11998anna.htm <-- earth /usr/ns-home/docs/saber/011998 11998anna.htm
99.01.29 14:53 B E:\Inetpub\wwwroot\saber\011998\11998AnnaMion.jpg <-- earth /usr/ns-home/docs/saber/011998 11998AnnaMion.jpg
99.01.29 14:53 B E:\Inetpub\wwwroot\saber\011998\11998guru.htm <-- earth /usr/ns-home/docs/saber/011998 11998guru.htm
99.01.29 14:53 B E:\Inetpub\wwwroot\saber\011998\11998innov.htm <-- earth /usr/ns-home/docs/saber/011998 11998innov.htm
99.01.29 14:53 B E:\Inetpub\wwwroot\saber\011998\11998Marine.gif <-- earth /usr/ns-home/docs/saber/011998 11998Marine.gif
99.01.29 14:53 B E:\Inetpub\wwwroot\saber\011998\11998marine.htm <-- earth /usr/ns-home/docs/saber/011998 11998marine.htm
99.01.29 14:53 B E:\Inetpub\wwwroot\saber\011998\11998mlk.htm <-- earth /usr/ns-home/docs/saber/011998 11998mlk.htm
99.01.29 14:53 B E:\Inetpub\wwwroot\saber\011998\11998mlk.jpg <-- earth /usr/ns-home/docs/saber/011998 11998mlk.jpg
99.01.29 14:53 B E:\Inetpub\wwwroot\saber\011998\11998music.htm <-- earth /usr/ns-home/docs/saber/011998 11998music.htm
99.01.29 14:53 B E:\Inetpub\wwwroot\saber\011998\11998nichols.htm <-- earth /usr/ns-home/docs/saber/011998 11998nichols.htm
99.01.29 14:53 B E:\Inetpub\wwwroot\saber\011998\11998roar.htm <-- earth /usr/ns-home/docs/saber/011998 11998roar.htm
99.01.29 14:53 B E:\Inetpub\wwwroot\saber\011998\11998terry.jpg <-- earth /usr/ns-home/docs/saber/011998 11998terry.jpg
99.01.29 14:53 B E:\Inetpub\wwwroot\saber\011998\28J008.gif <-- earth /usr/ns-home/docs/saber/011998 28J008.gif
99.01.29 14:53 B E:\Inetpub\wwwroot\saber\011998\Reader_Poll_11998.gif <-- earth /usr/ns-home/docs/saber/011998 Reader_Poll_11998.gif
99.01.29 14:53 B E:\Inetpub\wwwroot\saber\011998\ReaderPoll.gif <-- earth /usr/ns-home/docs/saber/011998 ReaderPoll.gif
