99.01.08 16:45 B E:\Inetpub\EARTH\saber\091498\09149840th.jpg <-- earth /usr/ns-home/docs/saber/091498 09149840th.jpg
99.01.08 16:45 B E:\Inetpub\EARTH\saber\091498\091498bits.htm <-- earth /usr/ns-home/docs/saber/091498 091498bits.htm
99.01.08 16:45 B E:\Inetpub\EARTH\saber\091498\091498candid.htm <-- earth /usr/ns-home/docs/saber/091498 091498candid.htm
99.01.08 16:45 B E:\Inetpub\EARTH\saber\091498\091498court.jpg <-- earth /usr/ns-home/docs/saber/091498 091498court.jpg
99.01.08 16:45 B E:\Inetpub\EARTH\saber\091498\091498cross.htm <-- earth /usr/ns-home/docs/saber/091498 091498cross.htm
99.01.08 16:45 B E:\Inetpub\EARTH\saber\091498\091498cruises.htm <-- earth /usr/ns-home/docs/saber/091498 091498cruises.htm
99.01.08 16:45 B E:\Inetpub\EARTH\saber\091498\091498cruises.jpg <-- earth /usr/ns-home/docs/saber/091498 091498cruises.jpg
99.01.08 16:45 B E:\Inetpub\EARTH\saber\091498\091498csuonline.jpg <-- earth /usr/ns-home/docs/saber/091498 091498csuonline.jpg
99.01.08 16:45 B E:\Inetpub\EARTH\saber\091498\091498football.htm <-- earth /usr/ns-home/docs/saber/091498 091498football.htm
99.01.08 16:45 B E:\Inetpub\EARTH\saber\091498\091498golf.htm <-- earth /usr/ns-home/docs/saber/091498 091498golf.htm
99.01.08 16:45 B E:\Inetpub\EARTH\saber\091498\091498health.htm <-- earth /usr/ns-home/docs/saber/091498 091498health.htm
99.01.08 16:45 B E:\Inetpub\EARTH\saber\091498\091498letfromed.htm <-- earth /usr/ns-home/docs/saber/091498 091498letfromed.htm
99.01.08 16:45 B E:\Inetpub\EARTH\saber\091498\091498pearl.htm <-- earth /usr/ns-home/docs/saber/091498 091498pearl.htm
99.01.08 16:45 B E:\Inetpub\EARTH\saber\091498\091498rivercenter.htm <-- earth /usr/ns-home/docs/saber/091498 091498rivercenter.htm
99.01.08 16:45 B E:\Inetpub\EARTH\saber\091498\091498rivercenter.jpg <-- earth /usr/ns-home/docs/saber/091498 091498rivercenter.jpg
99.01.08 16:45 B E:\Inetpub\EARTH\saber\091498\091498swing.htm <-- earth /usr/ns-home/docs/saber/091498 091498swing.htm
99.01.08 16:45 B E:\Inetpub\EARTH\saber\091498\091498swing.jpg <-- earth /usr/ns-home/docs/saber/091498 091498swing.jpg
99.01.08 16:45 B E:\Inetpub\EARTH\saber\091498\091498tab.jpg <-- earth /usr/ns-home/docs/saber/091498 091498tab.jpg
99.01.29 14:54 B E:\Inetpub\wwwroot\saber\091498\09149840th.jpg <-- earth /usr/ns-home/docs/saber/091498 09149840th.jpg
99.01.29 14:54 B E:\Inetpub\wwwroot\saber\091498\091498bits.htm <-- earth /usr/ns-home/docs/saber/091498 091498bits.htm
99.01.29 14:54 B E:\Inetpub\wwwroot\saber\091498\091498candid.htm <-- earth /usr/ns-home/docs/saber/091498 091498candid.htm
99.01.29 14:54 B E:\Inetpub\wwwroot\saber\091498\091498court.jpg <-- earth /usr/ns-home/docs/saber/091498 091498court.jpg
99.01.29 14:54 B E:\Inetpub\wwwroot\saber\091498\091498cross.htm <-- earth /usr/ns-home/docs/saber/091498 091498cross.htm
99.01.29 14:54 B E:\Inetpub\wwwroot\saber\091498\091498cruises.htm <-- earth /usr/ns-home/docs/saber/091498 091498cruises.htm
99.01.29 14:54 B E:\Inetpub\wwwroot\saber\091498\091498cruises.jpg <-- earth /usr/ns-home/docs/saber/091498 091498cruises.jpg
99.01.29 14:54 B E:\Inetpub\wwwroot\saber\091498\091498csuonline.jpg <-- earth /usr/ns-home/docs/saber/091498 091498csuonline.jpg
99.01.29 14:54 B E:\Inetpub\wwwroot\saber\091498\091498football.htm <-- earth /usr/ns-home/docs/saber/091498 091498football.htm
99.01.29 14:54 B E:\Inetpub\wwwroot\saber\091498\091498golf.htm <-- earth /usr/ns-home/docs/saber/091498 091498golf.htm
99.01.29 14:54 B E:\Inetpub\wwwroot\saber\091498\091498health.htm <-- earth /usr/ns-home/docs/saber/091498 091498health.htm
99.01.29 14:55 B E:\Inetpub\wwwroot\saber\091498\091498letfromed.htm <-- earth /usr/ns-home/docs/saber/091498 091498letfromed.htm
99.01.29 14:55 B E:\Inetpub\wwwroot\saber\091498\091498pearl.htm <-- earth /usr/ns-home/docs/saber/091498 091498pearl.htm
99.01.29 14:55 B E:\Inetpub\wwwroot\saber\091498\091498rivercenter.htm <-- earth /usr/ns-home/docs/saber/091498 091498rivercenter.htm
99.01.29 14:55 B E:\Inetpub\wwwroot\saber\091498\091498rivercenter.jpg <-- earth /usr/ns-home/docs/saber/091498 091498rivercenter.jpg
99.01.29 14:55 B E:\Inetpub\wwwroot\saber\091498\091498swing.htm <-- earth /usr/ns-home/docs/saber/091498 091498swing.htm
99.01.29 14:55 B E:\Inetpub\wwwroot\saber\091498\091498swing.jpg <-- earth /usr/ns-home/docs/saber/091498 091498swing.jpg
99.01.29 14:55 B E:\Inetpub\wwwroot\saber\091498\091498tab.jpg <-- earth /usr/ns-home/docs/saber/091498 091498tab.jpg
