99.01.08 16:44 B E:\Inetpub\EARTH\saber\041398\041398alabama.jpg <-- earth /usr/ns-home/docs/saber/041398 041398alabama.jpg
99.01.08 16:44 B E:\Inetpub\EARTH\saber\041398\041398alabamathumb.jpg <-- earth /usr/ns-home/docs/saber/041398 041398alabamathumb.jpg
99.01.08 16:44 B E:\Inetpub\EARTH\saber\041398\041398bits.htm <-- earth /usr/ns-home/docs/saber/041398 041398bits.htm
99.01.08 16:44 B E:\Inetpub\EARTH\saber\041398\041398drivin.jpg <-- earth /usr/ns-home/docs/saber/041398 041398drivin.jpg
99.01.08 16:44 B E:\Inetpub\EARTH\saber\041398\041398let2ed.htm <-- earth /usr/ns-home/docs/saber/041398 041398let2ed.htm
99.01.08 16:44 B E:\Inetpub\EARTH\saber\041398\041398letfromed.htm <-- earth /usr/ns-home/docs/saber/041398 041398letfromed.htm
99.01.08 16:44 B E:\Inetpub\EARTH\saber\041398\041398linda.htm <-- earth /usr/ns-home/docs/saber/041398 041398linda.htm
99.01.08 16:44 B E:\Inetpub\EARTH\saber\041398\041398linda.jpg <-- earth /usr/ns-home/docs/saber/041398 041398linda.jpg
99.01.08 16:44 B E:\Inetpub\EARTH\saber\041398\041398lindathumb.jpg <-- earth /usr/ns-home/docs/saber/041398 041398lindathumb.jpg
99.01.08 16:44 B E:\Inetpub\EARTH\saber\041398\041398poll.htm <-- earth /usr/ns-home/docs/saber/041398 041398poll.htm
99.01.08 16:44 B E:\Inetpub\EARTH\saber\041398\041398prod.htm <-- earth /usr/ns-home/docs/saber/041398 041398prod.htm
99.01.08 16:44 B E:\Inetpub\EARTH\saber\041398\041398roar.htm <-- earth /usr/ns-home/docs/saber/041398 041398roar.htm
99.01.08 16:44 B E:\Inetpub\EARTH\saber\041398\041398teen.htm <-- earth /usr/ns-home/docs/saber/041398 041398teen.htm
99.01.08 16:44 B E:\Inetpub\EARTH\saber\041398\041398torn.htm <-- earth /usr/ns-home/docs/saber/041398 041398torn.htm
99.01.08 16:44 B E:\Inetpub\EARTH\saber\041398\crows.jpg <-- earth /usr/ns-home/docs/saber/041398 crows.jpg
99.01.29 14:54 B E:\Inetpub\wwwroot\saber\041398\041398alabama.jpg <-- earth /usr/ns-home/docs/saber/041398 041398alabama.jpg
99.01.29 14:54 B E:\Inetpub\wwwroot\saber\041398\041398alabamathumb.jpg <-- earth /usr/ns-home/docs/saber/041398 041398alabamathumb.jpg
99.01.29 14:54 B E:\Inetpub\wwwroot\saber\041398\041398bits.htm <-- earth /usr/ns-home/docs/saber/041398 041398bits.htm
99.01.29 14:54 B E:\Inetpub\wwwroot\saber\041398\041398drivin.jpg <-- earth /usr/ns-home/docs/saber/041398 041398drivin.jpg
99.01.29 14:54 B E:\Inetpub\wwwroot\saber\041398\041398let2ed.htm <-- earth /usr/ns-home/docs/saber/041398 041398let2ed.htm
99.01.29 14:54 B E:\Inetpub\wwwroot\saber\041398\041398letfromed.htm <-- earth /usr/ns-home/docs/saber/041398 041398letfromed.htm
99.01.29 14:54 B E:\Inetpub\wwwroot\saber\041398\041398linda.htm <-- earth /usr/ns-home/docs/saber/041398 041398linda.htm
99.01.29 14:54 B E:\Inetpub\wwwroot\saber\041398\041398linda.jpg <-- earth /usr/ns-home/docs/saber/041398 041398linda.jpg
99.01.29 14:54 B E:\Inetpub\wwwroot\saber\041398\041398lindathumb.jpg <-- earth /usr/ns-home/docs/saber/041398 041398lindathumb.jpg
99.01.29 14:54 B E:\Inetpub\wwwroot\saber\041398\041398poll.htm <-- earth /usr/ns-home/docs/saber/041398 041398poll.htm
99.01.29 14:54 B E:\Inetpub\wwwroot\saber\041398\041398prod.htm <-- earth /usr/ns-home/docs/saber/041398 041398prod.htm
99.01.29 14:54 B E:\Inetpub\wwwroot\saber\041398\041398roar.htm <-- earth /usr/ns-home/docs/saber/041398 041398roar.htm
99.01.29 14:54 B E:\Inetpub\wwwroot\saber\041398\041398teen.htm <-- earth /usr/ns-home/docs/saber/041398 041398teen.htm
99.01.29 14:54 B E:\Inetpub\wwwroot\saber\041398\041398torn.htm <-- earth /usr/ns-home/docs/saber/041398 041398torn.htm
99.01.29 14:54 B E:\Inetpub\wwwroot\saber\041398\crows.jpg <-- earth /usr/ns-home/docs/saber/041398 crows.jpg
