99.01.08 16:44 B E:\Inetpub\EARTH\saber\030998\030998abroad.htm <-- earth /usr/ns-home/docs/saber/030998 030998abroad.htm
99.01.08 16:44 B E:\Inetpub\EARTH\saber\030998\030998bhunt.jpg <-- earth /usr/ns-home/docs/saber/030998 030998bhunt.jpg
99.01.08 16:44 B E:\Inetpub\EARTH\saber\030998\030998bhuntthumb.jpg <-- earth /usr/ns-home/docs/saber/030998 030998bhuntthumb.jpg
99.01.08 16:44 B E:\Inetpub\EARTH\saber\030998\030998Cagelles.jpg <-- earth /usr/ns-home/docs/saber/030998 030998Cagelles.jpg
99.01.08 16:44 B E:\Inetpub\EARTH\saber\030998\030998Cagellesthumb.jpg <-- earth /usr/ns-home/docs/saber/030998 030998Cagellesthumb.jpg
99.01.08 16:44 B E:\Inetpub\EARTH\saber\030998\030998candid.htm <-- earth /usr/ns-home/docs/saber/030998 030998candid.htm
99.01.08 16:44 B E:\Inetpub\EARTH\saber\030998\030998edge.htm <-- earth /usr/ns-home/docs/saber/030998 030998edge.htm
99.01.08 16:44 B E:\Inetpub\EARTH\saber\030998\030998edge.jpg <-- earth /usr/ns-home/docs/saber/030998 030998edge.jpg
99.01.08 16:44 B E:\Inetpub\EARTH\saber\030998\030998french.htm <-- earth /usr/ns-home/docs/saber/030998 030998french.htm
99.01.08 16:44 B E:\Inetpub\EARTH\saber\030998\030998goregirl.jpg <-- earth /usr/ns-home/docs/saber/030998 030998goregirl.jpg
99.01.08 16:44 B E:\Inetpub\EARTH\saber\030998\030998goregirlthumb.jpg <-- earth /usr/ns-home/docs/saber/030998 030998goregirlthumb.jpg
99.01.08 16:44 B E:\Inetpub\EARTH\saber\030998\030998greetgore.jpg <-- earth /usr/ns-home/docs/saber/030998 030998greetgore.jpg
99.01.08 16:44 B E:\Inetpub\EARTH\saber\030998\030998icapp.htm <-- earth /usr/ns-home/docs/saber/030998 030998icapp.htm
99.01.08 16:44 B E:\Inetpub\EARTH\saber\030998\030998ladies.htm <-- earth /usr/ns-home/docs/saber/030998 030998ladies.htm
99.01.08 16:44 B E:\Inetpub\EARTH\saber\030998\030998let2ed.htm <-- earth /usr/ns-home/docs/saber/030998 030998let2ed.htm
99.01.08 16:44 B E:\Inetpub\EARTH\saber\030998\030998letfromed.htm <-- earth /usr/ns-home/docs/saber/030998 030998letfromed.htm
99.01.08 16:44 B E:\Inetpub\EARTH\saber\030998\030998musicbits.htm <-- earth /usr/ns-home/docs/saber/030998 030998musicbits.htm
99.01.08 16:44 B E:\Inetpub\EARTH\saber\030998\030998ncaa.htm <-- earth /usr/ns-home/docs/saber/030998 030998ncaa.htm
99.01.08 16:44 B E:\Inetpub\EARTH\saber\030998\030998play.htm <-- earth /usr/ns-home/docs/saber/030998 030998play.htm
99.01.08 16:44 B E:\Inetpub\EARTH\saber\030998\030998roar.htm <-- earth /usr/ns-home/docs/saber/030998 030998roar.htm
99.01.08 16:44 B E:\Inetpub\EARTH\saber\030998\030998spc.htm <-- earth /usr/ns-home/docs/saber/030998 030998spc.htm
99.01.08 16:44 B E:\Inetpub\EARTH\saber\030998\030998sprted.htm <-- earth /usr/ns-home/docs/saber/030998 030998sprted.htm
99.01.08 16:44 B E:\Inetpub\EARTH\saber\030998\030998water.jpg <-- earth /usr/ns-home/docs/saber/030998 030998water.jpg
99.01.08 16:44 B E:\Inetpub\EARTH\saber\030998\030998zepplin.jpg <-- earth /usr/ns-home/docs/saber/030998 030998zepplin.jpg
99.01.08 16:44 B E:\Inetpub\EARTH\saber\030998\030998zepplinthumb.jpg <-- earth /usr/ns-home/docs/saber/030998 030998zepplinthumb.jpg
99.01.29 14:54 B E:\Inetpub\wwwroot\saber\030998\030998abroad.htm <-- earth /usr/ns-home/docs/saber/030998 030998abroad.htm
99.01.29 14:54 B E:\Inetpub\wwwroot\saber\030998\030998bhunt.jpg <-- earth /usr/ns-home/docs/saber/030998 030998bhunt.jpg
99.01.29 14:54 B E:\Inetpub\wwwroot\saber\030998\030998bhuntthumb.jpg <-- earth /usr/ns-home/docs/saber/030998 030998bhuntthumb.jpg
99.01.29 14:54 B E:\Inetpub\wwwroot\saber\030998\030998Cagelles.jpg <-- earth /usr/ns-home/docs/saber/030998 030998Cagelles.jpg
99.01.29 14:54 B E:\Inetpub\wwwroot\saber\030998\030998Cagellesthumb.jpg <-- earth /usr/ns-home/docs/saber/030998 030998Cagellesthumb.jpg
99.01.29 14:54 B E:\Inetpub\wwwroot\saber\030998\030998candid.htm <-- earth /usr/ns-home/docs/saber/030998 030998candid.htm
99.01.29 14:54 B E:\Inetpub\wwwroot\saber\030998\030998edge.htm <-- earth /usr/ns-home/docs/saber/030998 030998edge.htm
99.01.29 14:54 B E:\Inetpub\wwwroot\saber\030998\030998edge.jpg <-- earth /usr/ns-home/docs/saber/030998 030998edge.jpg
99.01.29 14:54 B E:\Inetpub\wwwroot\saber\030998\030998french.htm <-- earth /usr/ns-home/docs/saber/030998 030998french.htm
99.01.29 14:54 B E:\Inetpub\wwwroot\saber\030998\030998goregirl.jpg <-- earth /usr/ns-home/docs/saber/030998 030998goregirl.jpg
99.01.29 14:54 B E:\Inetpub\wwwroot\saber\030998\030998goregirlthumb.jpg <-- earth /usr/ns-home/docs/saber/030998 030998goregirlthumb.jpg
99.01.29 14:54 B E:\Inetpub\wwwroot\saber\030998\030998greetgore.jpg <-- earth /usr/ns-home/docs/saber/030998 030998greetgore.jpg
99.01.29 14:54 B E:\Inetpub\wwwroot\saber\030998\030998icapp.htm <-- earth /usr/ns-home/docs/saber/030998 030998icapp.htm
99.01.29 14:54 B E:\Inetpub\wwwroot\saber\030998\030998ladies.htm <-- earth /usr/ns-home/docs/saber/030998 030998ladies.htm
99.01.29 14:54 B E:\Inetpub\wwwroot\saber\030998\030998let2ed.htm <-- earth /usr/ns-home/docs/saber/030998 030998let2ed.htm
99.01.29 14:54 B E:\Inetpub\wwwroot\saber\030998\030998letfromed.htm <-- earth /usr/ns-home/docs/saber/030998 030998letfromed.htm
99.01.29 14:54 B E:\Inetpub\wwwroot\saber\030998\030998musicbits.htm <-- earth /usr/ns-home/docs/saber/030998 030998musicbits.htm
99.01.29 14:54 B E:\Inetpub\wwwroot\saber\030998\030998ncaa.htm <-- earth /usr/ns-home/docs/saber/030998 030998ncaa.htm
99.01.29 14:54 B E:\Inetpub\wwwroot\saber\030998\030998play.htm <-- earth /usr/ns-home/docs/saber/030998 030998play.htm
99.01.29 14:54 B E:\Inetpub\wwwroot\saber\030998\030998roar.htm <-- earth /usr/ns-home/docs/saber/030998 030998roar.htm
99.01.29 14:54 B E:\Inetpub\wwwroot\saber\030998\030998spc.htm <-- earth /usr/ns-home/docs/saber/030998 030998spc.htm
99.01.29 14:54 B E:\Inetpub\wwwroot\saber\030998\030998sprted.htm <-- earth /usr/ns-home/docs/saber/030998 030998sprted.htm
99.01.29 14:54 B E:\Inetpub\wwwroot\saber\030998\030998water.jpg <-- earth /usr/ns-home/docs/saber/030998 030998water.jpg
99.01.29 14:54 B E:\Inetpub\wwwroot\saber\030998\030998zepplin.jpg <-- earth /usr/ns-home/docs/saber/030998 030998zepplin.jpg
99.01.29 14:54 B E:\Inetpub\wwwroot\saber\030998\030998zepplinthumb.jpg <-- earth /usr/ns-home/docs/saber/030998 030998zepplinthumb.jpg
