99.01.08 16:44 B E:\Inetpub\EARTH\saber\051198\042898hab.htm <-- earth /usr/ns-home/docs/saber/051198 042898hab.htm
99.01.08 16:44 B E:\Inetpub\EARTH\saber\051198\042898phan.htm <-- earth /usr/ns-home/docs/saber/051198 042898phan.htm
99.01.08 16:44 B E:\Inetpub\EARTH\saber\051198\051198Amy.gif <-- earth /usr/ns-home/docs/saber/051198 051198Amy.gif
99.01.08 16:44 B E:\Inetpub\EARTH\saber\051198\051198April.gif <-- earth /usr/ns-home/docs/saber/051198 051198April.gif
99.01.08 16:44 B E:\Inetpub\EARTH\saber\051198\051198bits.htm <-- earth /usr/ns-home/docs/saber/051198 051198bits.htm
99.01.08 16:44 B E:\Inetpub\EARTH\saber\051198\051198cadet.htm <-- earth /usr/ns-home/docs/saber/051198 051198cadet.htm
99.01.08 16:44 B E:\Inetpub\EARTH\saber\051198\051198candid.htm <-- earth /usr/ns-home/docs/saber/051198 051198candid.htm
99.01.08 16:44 B E:\Inetpub\EARTH\saber\051198\051198city.htm <-- earth /usr/ns-home/docs/saber/051198 051198city.htm
99.01.08 16:44 B E:\Inetpub\EARTH\saber\051198\051198cotton.htm <-- earth /usr/ns-home/docs/saber/051198 051198cotton.htm
99.01.08 16:44 B E:\Inetpub\EARTH\saber\051198\051198glen.jpg <-- earth /usr/ns-home/docs/saber/051198 051198glen.jpg
99.01.08 16:44 B E:\Inetpub\EARTH\saber\051198\051198golf.htm <-- earth /usr/ns-home/docs/saber/051198 051198golf.htm
99.01.08 16:44 B E:\Inetpub\EARTH\saber\051198\051198golfer.jpg <-- earth /usr/ns-home/docs/saber/051198 051198golfer.jpg
99.01.08 16:44 B E:\Inetpub\EARTH\saber\051198\051198golfer.JPG <-- earth /usr/ns-home/docs/saber/051198 051198golfer.JPG
99.01.08 16:44 B E:\Inetpub\EARTH\saber\051198\051198golfer.jpg.1 <-- earth /usr/ns-home/docs/saber/051198 051198golfer.jpg.1
99.01.08 16:44 B E:\Inetpub\EARTH\saber\051198\051198greek.htm <-- earth /usr/ns-home/docs/saber/051198 051198greek.htm
99.01.08 16:44 B E:\Inetpub\EARTH\saber\051198\051198hab.htm <-- earth /usr/ns-home/docs/saber/051198 051198hab.htm
99.01.08 16:44 B E:\Inetpub\EARTH\saber\051198\051198let2ed.htm <-- earth /usr/ns-home/docs/saber/051198 051198let2ed.htm
99.01.08 16:44 B E:\Inetpub\EARTH\saber\051198\051198letfromed.htm <-- earth /usr/ns-home/docs/saber/051198 051198letfromed.htm
99.01.08 16:44 B E:\Inetpub\EARTH\saber\051198\051198missga.htm <-- earth /usr/ns-home/docs/saber/051198 051198missga.htm
99.01.08 16:44 B E:\Inetpub\EARTH\saber\051198\051198opera.htm <-- earth /usr/ns-home/docs/saber/051198 051198opera.htm
99.01.08 16:44 B E:\Inetpub\EARTH\saber\051198\051198phan.htm <-- earth /usr/ns-home/docs/saber/051198 051198phan.htm
99.01.08 16:44 B E:\Inetpub\EARTH\saber\051198\051198roar.htm <-- earth /usr/ns-home/docs/saber/051198 051198roar.htm
99.01.08 16:44 B E:\Inetpub\EARTH\saber\051198\051198Shana.gif <-- earth /usr/ns-home/docs/saber/051198 051198Shana.gif
99.01.08 16:44 B E:\Inetpub\EARTH\saber\051198\051198tennis.htm <-- earth /usr/ns-home/docs/saber/051198 051198tennis.htm
99.01.08 16:44 B E:\Inetpub\EARTH\saber\051198\4C.jpg <-- earth /usr/ns-home/docs/saber/051198 4C.jpg
99.01.08 16:44 B E:\Inetpub\EARTH\saber\051198\city_of_angels.jpg <-- earth /usr/ns-home/docs/saber/051198 city_of_angels.jpg
99.01.08 16:44 B E:\Inetpub\EARTH\saber\051198\homejump.jpg <-- earth /usr/ns-home/docs/saber/051198 homejump.jpg
99.01.08 16:44 B E:\Inetpub\EARTH\saber\051198\how.jpg <-- earth /usr/ns-home/docs/saber/051198 how.jpg
99.01.08 16:44 B E:\Inetpub\EARTH\saber\051198\logo-final.gif <-- earth /usr/ns-home/docs/saber/051198 logo-final.gif
99.01.08 16:44 B E:\Inetpub\EARTH\saber\051198\pumpkins.jpg <-- earth /usr/ns-home/docs/saber/051198 pumpkins.jpg
99.01.08 16:44 B E:\Inetpub\EARTH\saber\051198\smalllogo.gif <-- earth /usr/ns-home/docs/saber/051198 smalllogo.gif
99.01.29 14:54 B E:\Inetpub\wwwroot\saber\051198\042898hab.htm <-- earth /usr/ns-home/docs/saber/051198 042898hab.htm
99.01.29 14:54 B E:\Inetpub\wwwroot\saber\051198\042898phan.htm <-- earth /usr/ns-home/docs/saber/051198 042898phan.htm
99.01.29 14:54 B E:\Inetpub\wwwroot\saber\051198\051198Amy.gif <-- earth /usr/ns-home/docs/saber/051198 051198Amy.gif
99.01.29 14:54 B E:\Inetpub\wwwroot\saber\051198\051198April.gif <-- earth /usr/ns-home/docs/saber/051198 051198April.gif
99.01.29 14:54 B E:\Inetpub\wwwroot\saber\051198\051198bits.htm <-- earth /usr/ns-home/docs/saber/051198 051198bits.htm
99.01.29 14:54 B E:\Inetpub\wwwroot\saber\051198\051198cadet.htm <-- earth /usr/ns-home/docs/saber/051198 051198cadet.htm
99.01.29 14:54 B E:\Inetpub\wwwroot\saber\051198\051198candid.htm <-- earth /usr/ns-home/docs/saber/051198 051198candid.htm
99.01.29 14:54 B E:\Inetpub\wwwroot\saber\051198\051198city.htm <-- earth /usr/ns-home/docs/saber/051198 051198city.htm
99.01.29 14:54 B E:\Inetpub\wwwroot\saber\051198\051198cotton.htm <-- earth /usr/ns-home/docs/saber/051198 051198cotton.htm
99.01.29 14:54 B E:\Inetpub\wwwroot\saber\051198\051198glen.jpg <-- earth /usr/ns-home/docs/saber/051198 051198glen.jpg
99.01.29 14:54 B E:\Inetpub\wwwroot\saber\051198\051198golf.htm <-- earth /usr/ns-home/docs/saber/051198 051198golf.htm
99.01.29 14:54 B E:\Inetpub\wwwroot\saber\051198\051198golfer.jpg <-- earth /usr/ns-home/docs/saber/051198 051198golfer.jpg
99.01.29 14:54 B E:\Inetpub\wwwroot\saber\051198\051198golfer.JPG <-- earth /usr/ns-home/docs/saber/051198 051198golfer.JPG
99.01.29 14:54 B E:\Inetpub\wwwroot\saber\051198\051198golfer.jpg.1 <-- earth /usr/ns-home/docs/saber/051198 051198golfer.jpg.1
99.01.29 14:54 B E:\Inetpub\wwwroot\saber\051198\051198greek.htm <-- earth /usr/ns-home/docs/saber/051198 051198greek.htm
99.01.29 14:54 B E:\Inetpub\wwwroot\saber\051198\051198hab.htm <-- earth /usr/ns-home/docs/saber/051198 051198hab.htm
99.01.29 14:54 B E:\Inetpub\wwwroot\saber\051198\051198let2ed.htm <-- earth /usr/ns-home/docs/saber/051198 051198let2ed.htm
99.01.29 14:54 B E:\Inetpub\wwwroot\saber\051198\051198letfromed.htm <-- earth /usr/ns-home/docs/saber/051198 051198letfromed.htm
99.01.29 14:54 B E:\Inetpub\wwwroot\saber\051198\051198missga.htm <-- earth /usr/ns-home/docs/saber/051198 051198missga.htm
99.01.29 14:54 B E:\Inetpub\wwwroot\saber\051198\051198opera.htm <-- earth /usr/ns-home/docs/saber/051198 051198opera.htm
99.01.29 14:54 B E:\Inetpub\wwwroot\saber\051198\051198phan.htm <-- earth /usr/ns-home/docs/saber/051198 051198phan.htm
99.01.29 14:54 B E:\Inetpub\wwwroot\saber\051198\051198roar.htm <-- earth /usr/ns-home/docs/saber/051198 051198roar.htm
99.01.29 14:54 B E:\Inetpub\wwwroot\saber\051198\051198Shana.gif <-- earth /usr/ns-home/docs/saber/051198 051198Shana.gif
99.01.29 14:54 B E:\Inetpub\wwwroot\saber\051198\051198tennis.htm <-- earth /usr/ns-home/docs/saber/051198 051198tennis.htm
99.01.29 14:54 B E:\Inetpub\wwwroot\saber\051198\4C.jpg <-- earth /usr/ns-home/docs/saber/051198 4C.jpg
99.01.29 14:54 B E:\Inetpub\wwwroot\saber\051198\city_of_angels.jpg <-- earth /usr/ns-home/docs/saber/051198 city_of_angels.jpg
99.01.29 14:54 B E:\Inetpub\wwwroot\saber\051198\homejump.jpg <-- earth /usr/ns-home/docs/saber/051198 homejump.jpg
99.01.29 14:54 B E:\Inetpub\wwwroot\saber\051198\how.jpg <-- earth /usr/ns-home/docs/saber/051198 how.jpg
99.01.29 14:54 B E:\Inetpub\wwwroot\saber\051198\logo-final.gif <-- earth /usr/ns-home/docs/saber/051198 logo-final.gif
99.01.29 14:54 B E:\Inetpub\wwwroot\saber\051198\pumpkins.jpg <-- earth /usr/ns-home/docs/saber/051198 pumpkins.jpg
99.01.29 14:54 B E:\Inetpub\wwwroot\saber\051198\smalllogo.gif <-- earth /usr/ns-home/docs/saber/051198 smalllogo.gif
