99.01.08 16:44 B E:\Inetpub\EARTH\saber\030298\030298algore.jpg <-- earth /usr/ns-home/docs/saber/030298 030298algore.jpg
99.01.08 16:44 B E:\Inetpub\EARTH\saber\030298\030298awards.htm <-- earth /usr/ns-home/docs/saber/030298 030298awards.htm
99.01.08 16:44 B E:\Inetpub\EARTH\saber\030298\030298candid.htm <-- earth /usr/ns-home/docs/saber/030298 030298candid.htm
99.01.08 16:44 B E:\Inetpub\EARTH\saber\030298\030298cdcrystal.jpg <-- earth /usr/ns-home/docs/saber/030298 030298cdcrystal.jpg
99.01.08 16:44 B E:\Inetpub\EARTH\saber\030298\030298cdmarcy.jpg <-- earth /usr/ns-home/docs/saber/030298 030298cdmarcy.jpg
99.01.08 16:44 B E:\Inetpub\EARTH\saber\030298\030298cdourladypeace.jpg <-- earth /usr/ns-home/docs/saber/030298 030298cdourladypeace.jpg
99.01.08 16:44 B E:\Inetpub\EARTH\saber\030298\030298cdrev.htm <-- earth /usr/ns-home/docs/saber/030298 030298cdrev.htm
99.01.08 16:44 B E:\Inetpub\EARTH\saber\030298\030298cdthumb.gif <-- earth /usr/ns-home/docs/saber/030298 030298cdthumb.gif
99.01.08 16:44 B E:\Inetpub\EARTH\saber\030298\030298cougar.htm <-- earth /usr/ns-home/docs/saber/030298 030298cougar.htm
99.01.08 16:44 B E:\Inetpub\EARTH\saber\030298\030298counseling.htm <-- earth /usr/ns-home/docs/saber/030298 030298counseling.htm
99.01.08 16:44 B E:\Inetpub\EARTH\saber\030298\030298daycare.htm <-- earth /usr/ns-home/docs/saber/030298 030298daycare.htm
99.01.08 16:44 B E:\Inetpub\EARTH\saber\030298\030298golf.htm <-- earth /usr/ns-home/docs/saber/030298 030298golf.htm
99.01.08 16:44 B E:\Inetpub\EARTH\saber\030298\030298golf.jpg <-- earth /usr/ns-home/docs/saber/030298 030298golf.jpg
99.01.08 16:44 B E:\Inetpub\EARTH\saber\030298\030298golfthumb.jpg <-- earth /usr/ns-home/docs/saber/030298 030298golfthumb.jpg
99.01.08 16:44 B E:\Inetpub\EARTH\saber\030298\030298grammies.htm <-- earth /usr/ns-home/docs/saber/030298 030298grammies.htm
99.01.08 16:44 B E:\Inetpub\EARTH\saber\030298\030298grammy.jpg <-- earth /usr/ns-home/docs/saber/030298 030298grammy.jpg
99.01.08 16:44 B E:\Inetpub\EARTH\saber\030298\030298grammythumb.jpg <-- earth /usr/ns-home/docs/saber/030298 030298grammythumb.jpg
99.01.08 16:44 B E:\Inetpub\EARTH\saber\030298\030298grant.jpg <-- earth /usr/ns-home/docs/saber/030298 030298grant.jpg
99.01.08 16:44 B E:\Inetpub\EARTH\saber\030298\030298grantthumb.jpg <-- earth /usr/ns-home/docs/saber/030298 030298grantthumb.jpg
99.01.08 16:44 B E:\Inetpub\EARTH\saber\030298\030298kappa.htm <-- earth /usr/ns-home/docs/saber/030298 030298kappa.htm
99.01.08 16:44 B E:\Inetpub\EARTH\saber\030298\030298ladycoughug.jpg <-- earth /usr/ns-home/docs/saber/030298 030298ladycoughug.jpg
99.01.08 16:44 B E:\Inetpub\EARTH\saber\030298\030298ladycougs.htm <-- earth /usr/ns-home/docs/saber/030298 030298ladycougs.htm
99.01.08 16:44 B E:\Inetpub\EARTH\saber\030298\030298ladythumb.jpg <-- earth /usr/ns-home/docs/saber/030298 030298ladythumb.jpg
99.01.08 16:44 B E:\Inetpub\EARTH\saber\030298\030298let2ed.htm <-- earth /usr/ns-home/docs/saber/030298 030298let2ed.htm
99.01.08 16:44 B E:\Inetpub\EARTH\saber\030298\030298letfromed.htm <-- earth /usr/ns-home/docs/saber/030298 030298letfromed.htm
99.01.08 16:44 B E:\Inetpub\EARTH\saber\030298\030298roar.htm <-- earth /usr/ns-home/docs/saber/030298 030298roar.htm
99.01.08 16:44 B E:\Inetpub\EARTH\saber\030298\030298smoker.jpg <-- earth /usr/ns-home/docs/saber/030298 030298smoker.jpg
99.01.08 16:44 B E:\Inetpub\EARTH\saber\030298\030298smokerthumb.jpg <-- earth /usr/ns-home/docs/saber/030298 030298smokerthumb.jpg
99.01.08 16:44 B E:\Inetpub\EARTH\saber\030298\030298smoking.htm <-- earth /usr/ns-home/docs/saber/030298 030298smoking.htm
99.01.08 16:44 B E:\Inetpub\EARTH\saber\030298\030298sportsnet.jpg <-- earth /usr/ns-home/docs/saber/030298 030298sportsnet.jpg
99.01.08 16:44 B E:\Inetpub\EARTH\saber\030298\030298sportsnetthumb.jpg <-- earth /usr/ns-home/docs/saber/030298 030298sportsnetthumb.jpg
99.01.29 14:54 B E:\Inetpub\wwwroot\saber\030298\030298algore.jpg <-- earth /usr/ns-home/docs/saber/030298 030298algore.jpg
99.01.29 14:54 B E:\Inetpub\wwwroot\saber\030298\030298awards.htm <-- earth /usr/ns-home/docs/saber/030298 030298awards.htm
99.01.29 14:54 B E:\Inetpub\wwwroot\saber\030298\030298candid.htm <-- earth /usr/ns-home/docs/saber/030298 030298candid.htm
99.01.29 14:54 B E:\Inetpub\wwwroot\saber\030298\030298cdcrystal.jpg <-- earth /usr/ns-home/docs/saber/030298 030298cdcrystal.jpg
99.01.29 14:54 B E:\Inetpub\wwwroot\saber\030298\030298cdmarcy.jpg <-- earth /usr/ns-home/docs/saber/030298 030298cdmarcy.jpg
99.01.29 14:54 B E:\Inetpub\wwwroot\saber\030298\030298cdourladypeace.jpg <-- earth /usr/ns-home/docs/saber/030298 030298cdourladypeace.jpg
99.01.29 14:54 B E:\Inetpub\wwwroot\saber\030298\030298cdrev.htm <-- earth /usr/ns-home/docs/saber/030298 030298cdrev.htm
99.01.29 14:54 B E:\Inetpub\wwwroot\saber\030298\030298cdthumb.gif <-- earth /usr/ns-home/docs/saber/030298 030298cdthumb.gif
99.01.29 14:54 B E:\Inetpub\wwwroot\saber\030298\030298cougar.htm <-- earth /usr/ns-home/docs/saber/030298 030298cougar.htm
99.01.29 14:54 B E:\Inetpub\wwwroot\saber\030298\030298counseling.htm <-- earth /usr/ns-home/docs/saber/030298 030298counseling.htm
99.01.29 14:54 B E:\Inetpub\wwwroot\saber\030298\030298daycare.htm <-- earth /usr/ns-home/docs/saber/030298 030298daycare.htm
99.01.29 14:54 B E:\Inetpub\wwwroot\saber\030298\030298golf.htm <-- earth /usr/ns-home/docs/saber/030298 030298golf.htm
99.01.29 14:54 B E:\Inetpub\wwwroot\saber\030298\030298golf.jpg <-- earth /usr/ns-home/docs/saber/030298 030298golf.jpg
99.01.29 14:54 B E:\Inetpub\wwwroot\saber\030298\030298golfthumb.jpg <-- earth /usr/ns-home/docs/saber/030298 030298golfthumb.jpg
99.01.29 14:54 B E:\Inetpub\wwwroot\saber\030298\030298grammies.htm <-- earth /usr/ns-home/docs/saber/030298 030298grammies.htm
99.01.29 14:54 B E:\Inetpub\wwwroot\saber\030298\030298grammy.jpg <-- earth /usr/ns-home/docs/saber/030298 030298grammy.jpg
99.01.29 14:54 B E:\Inetpub\wwwroot\saber\030298\030298grammythumb.jpg <-- earth /usr/ns-home/docs/saber/030298 030298grammythumb.jpg
99.01.29 14:54 B E:\Inetpub\wwwroot\saber\030298\030298grant.jpg <-- earth /usr/ns-home/docs/saber/030298 030298grant.jpg
99.01.29 14:54 B E:\Inetpub\wwwroot\saber\030298\030298grantthumb.jpg <-- earth /usr/ns-home/docs/saber/030298 030298grantthumb.jpg
99.01.29 14:54 B E:\Inetpub\wwwroot\saber\030298\030298kappa.htm <-- earth /usr/ns-home/docs/saber/030298 030298kappa.htm
99.01.29 14:54 B E:\Inetpub\wwwroot\saber\030298\030298ladycoughug.jpg <-- earth /usr/ns-home/docs/saber/030298 030298ladycoughug.jpg
99.01.29 14:54 B E:\Inetpub\wwwroot\saber\030298\030298ladycougs.htm <-- earth /usr/ns-home/docs/saber/030298 030298ladycougs.htm
99.01.29 14:54 B E:\Inetpub\wwwroot\saber\030298\030298ladythumb.jpg <-- earth /usr/ns-home/docs/saber/030298 030298ladythumb.jpg
99.01.29 14:54 B E:\Inetpub\wwwroot\saber\030298\030298let2ed.htm <-- earth /usr/ns-home/docs/saber/030298 030298let2ed.htm
99.01.29 14:54 B E:\Inetpub\wwwroot\saber\030298\030298letfromed.htm <-- earth /usr/ns-home/docs/saber/030298 030298letfromed.htm
99.01.29 14:54 B E:\Inetpub\wwwroot\saber\030298\030298roar.htm <-- earth /usr/ns-home/docs/saber/030298 030298roar.htm
99.01.29 14:54 B E:\Inetpub\wwwroot\saber\030298\030298smoker.jpg <-- earth /usr/ns-home/docs/saber/030298 030298smoker.jpg
99.01.29 14:54 B E:\Inetpub\wwwroot\saber\030298\030298smokerthumb.jpg <-- earth /usr/ns-home/docs/saber/030298 030298smokerthumb.jpg
99.01.29 14:54 B E:\Inetpub\wwwroot\saber\030298\030298smoking.htm <-- earth /usr/ns-home/docs/saber/030298 030298smoking.htm
99.01.29 14:54 B E:\Inetpub\wwwroot\saber\030298\030298sportsnet.jpg <-- earth /usr/ns-home/docs/saber/030298 030298sportsnet.jpg
99.01.29 14:54 B E:\Inetpub\wwwroot\saber\030298\030298sportsnetthumb.jpg <-- earth /usr/ns-home/docs/saber/030298 030298sportsnetthumb.jpg
