99.01.08 16:45 B E:\Inetpub\EARTH\saber\083198\083198bits.htm <-- earth /usr/ns-home/docs/saber/083198 083198bits.htm
99.01.08 16:45 B E:\Inetpub\EARTH\saber\083198\083198campus.jpg <-- earth /usr/ns-home/docs/saber/083198 083198campus.jpg
99.01.08 16:45 B E:\Inetpub\EARTH\saber\083198\083198candid.htm <-- earth /usr/ns-home/docs/saber/083198 083198candid.htm
99.01.08 16:45 B E:\Inetpub\EARTH\saber\083198\083198candid.jpg <-- earth /usr/ns-home/docs/saber/083198 083198candid.jpg
99.01.08 16:45 B E:\Inetpub\EARTH\saber\083198\083198concert.htm <-- earth /usr/ns-home/docs/saber/083198 083198concert.htm
99.01.08 16:45 B E:\Inetpub\EARTH\saber\083198\083198courtII.jpg <-- earth /usr/ns-home/docs/saber/083198 083198courtII.jpg
99.01.08 16:45 B E:\Inetpub\EARTH\saber\083198\083198courtII2.jpg <-- earth /usr/ns-home/docs/saber/083198 083198courtII2.jpg
99.01.08 16:45 B E:\Inetpub\EARTH\saber\083198\083198cup.htm <-- earth /usr/ns-home/docs/saber/083198 083198cup.htm
99.01.08 16:45 B E:\Inetpub\EARTH\saber\083198\083198dreams.jpg <-- earth /usr/ns-home/docs/saber/083198 083198dreams.jpg
99.01.08 16:45 B E:\Inetpub\EARTH\saber\083198\083198enroll.htm <-- earth /usr/ns-home/docs/saber/083198 083198enroll.htm
99.01.08 16:45 B E:\Inetpub\EARTH\saber\083198\083198football.htm <-- earth /usr/ns-home/docs/saber/083198 083198football.htm
99.01.08 16:45 B E:\Inetpub\EARTH\saber\083198\083198grad.htm <-- earth /usr/ns-home/docs/saber/083198 083198grad.htm
99.01.08 16:45 B E:\Inetpub\EARTH\saber\083198\083198health.htm <-- earth /usr/ns-home/docs/saber/083198 083198health.htm
99.01.08 16:45 B E:\Inetpub\EARTH\saber\083198\083198let2ed.htm <-- earth /usr/ns-home/docs/saber/083198 083198let2ed.htm
99.01.08 16:45 B E:\Inetpub\EARTH\saber\083198\083198letfromed.htm <-- earth /usr/ns-home/docs/saber/083198 083198letfromed.htm
99.01.08 16:45 B E:\Inetpub\EARTH\saber\083198\083198review.htm <-- earth /usr/ns-home/docs/saber/083198 083198review.htm
99.01.08 16:45 B E:\Inetpub\EARTH\saber\083198\083198roar.htm <-- earth /usr/ns-home/docs/saber/083198 083198roar.htm
99.01.08 16:45 B E:\Inetpub\EARTH\saber\083198\083198steventyler.jpg <-- earth /usr/ns-home/docs/saber/083198 083198steventyler.jpg
99.01.08 16:45 B E:\Inetpub\EARTH\saber\083198\083198sunlei.jpg <-- earth /usr/ns-home/docs/saber/083198 083198sunlei.jpg
99.01.08 16:45 B E:\Inetpub\EARTH\saber\083198\083198whatdreams.htm <-- earth /usr/ns-home/docs/saber/083198 083198whatdreams.htm
99.01.29 14:54 B E:\Inetpub\wwwroot\saber\083198\083198bits.htm <-- earth /usr/ns-home/docs/saber/083198 083198bits.htm
99.01.29 14:54 B E:\Inetpub\wwwroot\saber\083198\083198campus.jpg <-- earth /usr/ns-home/docs/saber/083198 083198campus.jpg
99.01.29 14:54 B E:\Inetpub\wwwroot\saber\083198\083198candid.htm <-- earth /usr/ns-home/docs/saber/083198 083198candid.htm
99.01.29 14:54 B E:\Inetpub\wwwroot\saber\083198\083198candid.jpg <-- earth /usr/ns-home/docs/saber/083198 083198candid.jpg
99.01.29 14:54 B E:\Inetpub\wwwroot\saber\083198\083198concert.htm <-- earth /usr/ns-home/docs/saber/083198 083198concert.htm
99.01.29 14:54 B E:\Inetpub\wwwroot\saber\083198\083198courtII.jpg <-- earth /usr/ns-home/docs/saber/083198 083198courtII.jpg
99.01.29 14:54 B E:\Inetpub\wwwroot\saber\083198\083198courtII2.jpg <-- earth /usr/ns-home/docs/saber/083198 083198courtII2.jpg
99.01.29 14:54 B E:\Inetpub\wwwroot\saber\083198\083198cup.htm <-- earth /usr/ns-home/docs/saber/083198 083198cup.htm
99.01.29 14:54 B E:\Inetpub\wwwroot\saber\083198\083198dreams.jpg <-- earth /usr/ns-home/docs/saber/083198 083198dreams.jpg
99.01.29 14:54 B E:\Inetpub\wwwroot\saber\083198\083198enroll.htm <-- earth /usr/ns-home/docs/saber/083198 083198enroll.htm
99.01.29 14:54 B E:\Inetpub\wwwroot\saber\083198\083198football.htm <-- earth /usr/ns-home/docs/saber/083198 083198football.htm
99.01.29 14:54 B E:\Inetpub\wwwroot\saber\083198\083198grad.htm <-- earth /usr/ns-home/docs/saber/083198 083198grad.htm
99.01.29 14:54 B E:\Inetpub\wwwroot\saber\083198\083198health.htm <-- earth /usr/ns-home/docs/saber/083198 083198health.htm
99.01.29 14:54 B E:\Inetpub\wwwroot\saber\083198\083198let2ed.htm <-- earth /usr/ns-home/docs/saber/083198 083198let2ed.htm
99.01.29 14:54 B E:\Inetpub\wwwroot\saber\083198\083198letfromed.htm <-- earth /usr/ns-home/docs/saber/083198 083198letfromed.htm
99.01.29 14:54 B E:\Inetpub\wwwroot\saber\083198\083198review.htm <-- earth /usr/ns-home/docs/saber/083198 083198review.htm
99.01.29 14:54 B E:\Inetpub\wwwroot\saber\083198\083198roar.htm <-- earth /usr/ns-home/docs/saber/083198 083198roar.htm
99.01.29 14:54 B E:\Inetpub\wwwroot\saber\083198\083198steventyler.jpg <-- earth /usr/ns-home/docs/saber/083198 083198steventyler.jpg
99.01.29 14:54 B E:\Inetpub\wwwroot\saber\083198\083198sunlei.jpg <-- earth /usr/ns-home/docs/saber/083198 083198sunlei.jpg
99.01.29 14:54 B E:\Inetpub\wwwroot\saber\083198\083198whatdreams.htm <-- earth /usr/ns-home/docs/saber/083198 083198whatdreams.htm
