99.01.08 16:44 B E:\Inetpub\EARTH\saber\012698\12698candid.htm <-- earth /usr/ns-home/docs/saber/012698 12698candid.htm
99.01.08 16:44 B E:\Inetpub\EARTH\saber\012698\12698Cheerleaders.jpg <-- earth /usr/ns-home/docs/saber/012698 12698Cheerleaders.jpg
99.01.08 16:44 B E:\Inetpub\EARTH\saber\012698\12698clinton.htm <-- earth /usr/ns-home/docs/saber/012698 12698clinton.htm
99.01.08 16:44 B E:\Inetpub\EARTH\saber\012698\12698cougars.htm <-- earth /usr/ns-home/docs/saber/012698 12698cougars.htm
99.01.08 16:44 B E:\Inetpub\EARTH\saber\012698\12698dorion.jpg <-- earth /usr/ns-home/docs/saber/012698 12698dorion.jpg
99.01.08 16:44 B E:\Inetpub\EARTH\saber\012698\12698expo.htm <-- earth /usr/ns-home/docs/saber/012698 12698expo.htm
99.01.08 16:44 B E:\Inetpub\EARTH\saber\012698\12698gazebo.htm <-- earth /usr/ns-home/docs/saber/012698 12698gazebo.htm
99.01.08 16:44 B E:\Inetpub\EARTH\saber\012698\12698Gazebo.jpg <-- earth /usr/ns-home/docs/saber/012698 12698Gazebo.jpg
99.01.08 16:44 B E:\Inetpub\EARTH\saber\012698\12698ladycougs.htm <-- earth /usr/ns-home/docs/saber/012698 12698ladycougs.htm
99.01.08 16:44 B E:\Inetpub\EARTH\saber\012698\12698letfromed.htm <-- earth /usr/ns-home/docs/saber/012698 12698letfromed.htm
99.01.08 16:44 B E:\Inetpub\EARTH\saber\012698\12698lewinsky.jpg <-- earth /usr/ns-home/docs/saber/012698 12698lewinsky.jpg
99.01.08 16:44 B E:\Inetpub\EARTH\saber\012698\12698musicbits.htm <-- earth /usr/ns-home/docs/saber/012698 12698musicbits.htm
99.01.08 16:44 B E:\Inetpub\EARTH\saber\012698\12698recycling.htm <-- earth /usr/ns-home/docs/saber/012698 12698recycling.htm
99.01.08 16:44 B E:\Inetpub\EARTH\saber\012698\12698recycling.jpg <-- earth /usr/ns-home/docs/saber/012698 12698recycling.jpg
99.01.08 16:44 B E:\Inetpub\EARTH\saber\012698\12698roar.htm <-- earth /usr/ns-home/docs/saber/012698 12698roar.htm
99.01.08 16:44 B E:\Inetpub\EARTH\saber\012698\12698tarheel.htm <-- earth /usr/ns-home/docs/saber/012698 12698tarheel.htm
99.01.08 16:44 B E:\Inetpub\EARTH\saber\012698\Homejump.gif <-- earth /usr/ns-home/docs/saber/012698 Homejump.gif
99.01.08 16:44 B E:\Inetpub\EARTH\saber\012698\Reader_Poll2.JPG <-- earth /usr/ns-home/docs/saber/012698 Reader_Poll2.JPG
99.01.29 14:53 B E:\Inetpub\wwwroot\saber\012698\12698candid.htm <-- earth /usr/ns-home/docs/saber/012698 12698candid.htm
99.01.29 14:53 B E:\Inetpub\wwwroot\saber\012698\12698Cheerleaders.jpg <-- earth /usr/ns-home/docs/saber/012698 12698Cheerleaders.jpg
99.01.29 14:53 B E:\Inetpub\wwwroot\saber\012698\12698clinton.htm <-- earth /usr/ns-home/docs/saber/012698 12698clinton.htm
99.01.29 14:53 B E:\Inetpub\wwwroot\saber\012698\12698cougars.htm <-- earth /usr/ns-home/docs/saber/012698 12698cougars.htm
99.01.29 14:53 B E:\Inetpub\wwwroot\saber\012698\12698dorion.jpg <-- earth /usr/ns-home/docs/saber/012698 12698dorion.jpg
99.01.29 14:53 B E:\Inetpub\wwwroot\saber\012698\12698expo.htm <-- earth /usr/ns-home/docs/saber/012698 12698expo.htm
99.01.29 14:53 B E:\Inetpub\wwwroot\saber\012698\12698gazebo.htm <-- earth /usr/ns-home/docs/saber/012698 12698gazebo.htm
99.01.29 14:53 B E:\Inetpub\wwwroot\saber\012698\12698Gazebo.jpg <-- earth /usr/ns-home/docs/saber/012698 12698Gazebo.jpg
99.01.29 14:53 B E:\Inetpub\wwwroot\saber\012698\12698ladycougs.htm <-- earth /usr/ns-home/docs/saber/012698 12698ladycougs.htm
99.01.29 14:53 B E:\Inetpub\wwwroot\saber\012698\12698letfromed.htm <-- earth /usr/ns-home/docs/saber/012698 12698letfromed.htm
99.01.29 14:53 B E:\Inetpub\wwwroot\saber\012698\12698lewinsky.jpg <-- earth /usr/ns-home/docs/saber/012698 12698lewinsky.jpg
99.01.29 14:53 B E:\Inetpub\wwwroot\saber\012698\12698musicbits.htm <-- earth /usr/ns-home/docs/saber/012698 12698musicbits.htm
99.01.29 14:53 B E:\Inetpub\wwwroot\saber\012698\12698recycling.htm <-- earth /usr/ns-home/docs/saber/012698 12698recycling.htm
99.01.29 14:53 B E:\Inetpub\wwwroot\saber\012698\12698recycling.jpg <-- earth /usr/ns-home/docs/saber/012698 12698recycling.jpg
99.01.29 14:53 B E:\Inetpub\wwwroot\saber\012698\12698roar.htm <-- earth /usr/ns-home/docs/saber/012698 12698roar.htm
99.01.29 14:53 B E:\Inetpub\wwwroot\saber\012698\12698tarheel.htm <-- earth /usr/ns-home/docs/saber/012698 12698tarheel.htm
99.01.29 14:53 B E:\Inetpub\wwwroot\saber\012698\Homejump.gif <-- earth /usr/ns-home/docs/saber/012698 Homejump.gif
99.01.29 14:53 B E:\Inetpub\wwwroot\saber\012698\Reader_Poll2.JPG <-- earth /usr/ns-home/docs/saber/012698 Reader_Poll2.JPG
